# Logfile created on Fri Jun 05 22:46:39 +0300 2009 by /
  [4;36;1mSQL (0.4ms)[0m   [0;1mselect sqlite_version(*)[0m
  [4;36;1mSQL (0.4ms)[0m   [0;1mselect sqlite_version(*)[0m
  [4;35;1mSQL (7.5ms)[0m   [0mCREATE TABLE "fruits" ("id" INTEGER PRIMARY KEY AUTOINCREMENT NOT NULL, "species" varchar(255), "average_diameter" integer) [0m
  [4;36;1mSQL (0.3ms)[0m   [0;1m SELECT name
 FROM sqlite_master
 WHERE type = 'table' AND NOT name = 'sqlite_sequence'
[0m
  [4;35;1mSQL (14.3ms)[0m   [0mCREATE TABLE "schema_migrations" ("version" varchar(255) NOT NULL) [0m
  [4;36;1mSQL (8.1ms)[0m   [0;1mCREATE UNIQUE INDEX "unique_schema_migrations" ON "schema_migrations" ("version")[0m
  [4;35;1mSQL (0.4ms)[0m   [0m SELECT name
 FROM sqlite_master
 WHERE type = 'table' AND NOT name = 'sqlite_sequence'
[0m
  [4;36;1mSQL (0.1ms)[0m   [0;1mSELECT version FROM "schema_migrations"[0m
  [4;35;1mSQL (8.4ms)[0m   [0mINSERT INTO "schema_migrations" (version) VALUES ('0')[0m
  [4;36;1mSQL (0.4ms)[0m   [0;1m SELECT name
 FROM sqlite_master
 WHERE type = 'table' AND NOT name = 'sqlite_sequence'
[0m
  [4;35;1mSQL (0.2ms)[0m   [0mDELETE FROM fruits WHERE 1=1[0m
  [4;36;1mSQL (0.2ms)[0m   [0;1mDELETE FROM schema_migrations WHERE 1=1[0m
  [4;35;1mFruit Create (0.3ms)[0m   [0mINSERT INTO "fruits" ("average_diameter", "species") VALUES(NULL, 'apple')[0m
  [4;36;1mSQL (0.4ms)[0m   [0;1m SELECT name
 FROM sqlite_master
 WHERE type = 'table' AND NOT name = 'sqlite_sequence'
[0m
  [4;35;1mSQL (0.2ms)[0m   [0mDELETE FROM fruits WHERE 1=1[0m
  [4;36;1mSQL (0.2ms)[0m   [0;1mDELETE FROM schema_migrations WHERE 1=1[0m
  [4;35;1mFruit Create (0.2ms)[0m   [0mINSERT INTO "fruits" ("average_diameter", "species") VALUES(NULL, 'apple')[0m
  [4;36;1mSQL (0.5ms)[0m   [0;1m SELECT name
 FROM sqlite_master
 WHERE type = 'table' AND NOT name = 'sqlite_sequence'
[0m
  [4;35;1mSQL (0.3ms)[0m   [0mDELETE FROM fruits WHERE 1=1[0m
  [4;36;1mSQL (0.2ms)[0m   [0;1mDELETE FROM schema_migrations WHERE 1=1[0m
  [4;35;1mFruit Create (0.3ms)[0m   [0mINSERT INTO "fruits" ("average_diameter", "species") VALUES(NULL, 'apple')[0m
  [4;36;1mSQL (0.6ms)[0m   [0;1m SELECT name
 FROM sqlite_master
 WHERE type = 'table' AND NOT name = 'sqlite_sequence'
[0m
  [4;35;1mSQL (0.3ms)[0m   [0mDELETE FROM fruits WHERE 1=1[0m
  [4;36;1mSQL (0.4ms)[0m   [0;1mDELETE FROM schema_migrations WHERE 1=1[0m
  [4;35;1mFruit Create (0.4ms)[0m   [0mINSERT INTO "fruits" ("average_diameter", "species") VALUES(NULL, 'apple')[0m
  [4;36;1mSQL (0.5ms)[0m   [0;1m SELECT name
 FROM sqlite_master
 WHERE type = 'table' AND NOT name = 'sqlite_sequence'
[0m
  [4;35;1mSQL (0.3ms)[0m   [0mDELETE FROM fruits WHERE 1=1[0m
  [4;36;1mSQL (0.3ms)[0m   [0;1mDELETE FROM schema_migrations WHERE 1=1[0m
  [4;35;1mFruit Create (0.3ms)[0m   [0mINSERT INTO "fruits" ("average_diameter", "species") VALUES(NULL, 'apple')[0m
  [4;36;1mFruit Create (0.2ms)[0m   [0;1mINSERT INTO "fruits" ("average_diameter", "species") VALUES(NULL, 'banana')[0m
  [4;35;1mSQL (0.4ms)[0m   [0m SELECT name
 FROM sqlite_master
 WHERE type = 'table' AND NOT name = 'sqlite_sequence'
[0m
  [4;36;1mSQL (0.3ms)[0m   [0;1mDELETE FROM fruits WHERE 1=1[0m
  [4;35;1mSQL (0.2ms)[0m   [0mDELETE FROM schema_migrations WHERE 1=1[0m
  [4;36;1mFruit Create (0.2ms)[0m   [0;1mINSERT INTO "fruits" ("average_diameter", "species") VALUES(NULL, 'apple')[0m
  [4;35;1mFruit Create (0.2ms)[0m   [0mINSERT INTO "fruits" ("average_diameter", "species") VALUES(NULL, 'banana')[0m
  [4;36;1mSQL (0.6ms)[0m   [0;1m SELECT name
 FROM sqlite_master
 WHERE type = 'table' AND NOT name = 'sqlite_sequence'
[0m
  [4;35;1mSQL (0.2ms)[0m   [0mDELETE FROM fruits WHERE 1=1[0m
  [4;36;1mSQL (0.2ms)[0m   [0;1mDELETE FROM schema_migrations WHERE 1=1[0m
  [4;35;1mFruit Create (0.2ms)[0m   [0mINSERT INTO "fruits" ("average_diameter", "species") VALUES(NULL, 'apple')[0m
  [4;36;1mFruit Create (0.2ms)[0m   [0;1mINSERT INTO "fruits" ("average_diameter", "species") VALUES(NULL, 'orange')[0m
  [4;35;1mSQL (0.4ms)[0m   [0m SELECT name
 FROM sqlite_master
 WHERE type = 'table' AND NOT name = 'sqlite_sequence'
[0m
  [4;36;1mSQL (0.2ms)[0m   [0;1mDELETE FROM fruits WHERE 1=1[0m
  [4;35;1mSQL (0.2ms)[0m   [0mDELETE FROM schema_migrations WHERE 1=1[0m
  [4;36;1mFruit Create (0.3ms)[0m   [0;1mINSERT INTO "fruits" ("average_diameter", "species") VALUES(NULL, 'apple')[0m
  [4;35;1mFruit Create (0.2ms)[0m   [0mINSERT INTO "fruits" ("average_diameter", "species") VALUES(NULL, 'orange')[0m
  [4;36;1mSQL (0.4ms)[0m   [0;1m SELECT name
 FROM sqlite_master
 WHERE type = 'table' AND NOT name = 'sqlite_sequence'
[0m
  [4;35;1mSQL (0.4ms)[0m   [0mDELETE FROM fruits WHERE 1=1[0m
  [4;36;1mSQL (0.3ms)[0m   [0;1mDELETE FROM schema_migrations WHERE 1=1[0m
  [4;35;1mFruit Create (0.3ms)[0m   [0mINSERT INTO "fruits" ("average_diameter", "species") VALUES(NULL, 'apple')[0m
  [4;36;1mFruit Create (0.2ms)[0m   [0;1mINSERT INTO "fruits" ("average_diameter", "species") VALUES(NULL, 'orange')[0m
  [4;35;1mSQL (0.4ms)[0m   [0m SELECT name
 FROM sqlite_master
 WHERE type = 'table' AND NOT name = 'sqlite_sequence'
[0m
  [4;36;1mSQL (0.2ms)[0m   [0;1mDELETE FROM fruits WHERE 1=1[0m
  [4;35;1mSQL (0.2ms)[0m   [0mDELETE FROM schema_migrations WHERE 1=1[0m
  [4;36;1mFruit Create (0.2ms)[0m   [0;1mINSERT INTO "fruits" ("average_diameter", "species") VALUES(NULL, 'apple')[0m
  [4;35;1mFruit Create (0.2ms)[0m   [0mINSERT INTO "fruits" ("average_diameter", "species") VALUES(NULL, 'orange')[0m
  [4;36;1mSQL (0.6ms)[0m   [0;1mselect sqlite_version(*)[0m
  [4;35;1mSQL (16.3ms)[0m   [0mCREATE TABLE "fruits" ("id" INTEGER PRIMARY KEY AUTOINCREMENT NOT NULL, "species" varchar(255), "average_diameter" integer) [0m
  [4;36;1mSQL (0.7ms)[0m   [0;1m SELECT name
 FROM sqlite_master
 WHERE type = 'table' AND NOT name = 'sqlite_sequence'
[0m
  [4;35;1mSQL (11.2ms)[0m   [0mCREATE TABLE "schema_migrations" ("version" varchar(255) NOT NULL) [0m
  [4;36;1mSQL (12.7ms)[0m   [0;1mCREATE UNIQUE INDEX "unique_schema_migrations" ON "schema_migrations" ("version")[0m
  [4;35;1mSQL (0.6ms)[0m   [0m SELECT name
 FROM sqlite_master
 WHERE type = 'table' AND NOT name = 'sqlite_sequence'
[0m
  [4;36;1mSQL (0.2ms)[0m   [0;1mSELECT version FROM "schema_migrations"[0m
  [4;35;1mSQL (11.9ms)[0m   [0mINSERT INTO "schema_migrations" (version) VALUES ('0')[0m
  [4;36;1mSQL (0.6ms)[0m   [0;1m SELECT name
 FROM sqlite_master
 WHERE type = 'table' AND NOT name = 'sqlite_sequence'
[0m
  [4;35;1mSQL (0.3ms)[0m   [0mDELETE FROM fruits WHERE 1=1[0m
  [4;36;1mSQL (0.4ms)[0m   [0;1mDELETE FROM schema_migrations WHERE 1=1[0m
  [4;35;1mFruit Create (0.3ms)[0m   [0mINSERT INTO "fruits" ("average_diameter", "species") VALUES(NULL, 'apple')[0m
  [4;36;1mSQL (0.6ms)[0m   [0;1m SELECT name
 FROM sqlite_master
 WHERE type = 'table' AND NOT name = 'sqlite_sequence'
[0m
  [4;35;1mSQL (0.4ms)[0m   [0mDELETE FROM fruits WHERE 1=1[0m
  [4;36;1mSQL (0.3ms)[0m   [0;1mDELETE FROM schema_migrations WHERE 1=1[0m
  [4;35;1mFruit Create (0.5ms)[0m   [0mINSERT INTO "fruits" ("average_diameter", "species") VALUES(NULL, 'apple')[0m
  [4;36;1mSQL (0.6ms)[0m   [0;1m SELECT name
 FROM sqlite_master
 WHERE type = 'table' AND NOT name = 'sqlite_sequence'
[0m
  [4;35;1mSQL (0.4ms)[0m   [0mDELETE FROM fruits WHERE 1=1[0m
  [4;36;1mSQL (0.3ms)[0m   [0;1mDELETE FROM schema_migrations WHERE 1=1[0m
  [4;35;1mFruit Create (0.4ms)[0m   [0mINSERT INTO "fruits" ("average_diameter", "species") VALUES(NULL, 'apple')[0m
  [4;36;1mSQL (0.6ms)[0m   [0;1m SELECT name
 FROM sqlite_master
 WHERE type = 'table' AND NOT name = 'sqlite_sequence'
[0m
  [4;35;1mSQL (0.3ms)[0m   [0mDELETE FROM fruits WHERE 1=1[0m
  [4;36;1mSQL (0.4ms)[0m   [0;1mDELETE FROM schema_migrations WHERE 1=1[0m
  [4;35;1mFruit Create (0.3ms)[0m   [0mINSERT INTO "fruits" ("average_diameter", "species") VALUES(NULL, 'apple')[0m
  [4;36;1mSQL (0.8ms)[0m   [0;1m SELECT name
 FROM sqlite_master
 WHERE type = 'table' AND NOT name = 'sqlite_sequence'
[0m
  [4;35;1mSQL (0.3ms)[0m   [0mDELETE FROM fruits WHERE 1=1[0m
  [4;36;1mSQL (0.2ms)[0m   [0;1mDELETE FROM schema_migrations WHERE 1=1[0m
  [4;35;1mFruit Create (0.3ms)[0m   [0mINSERT INTO "fruits" ("average_diameter", "species") VALUES(NULL, 'apple')[0m
  [4;36;1mFruit Create (0.2ms)[0m   [0;1mINSERT INTO "fruits" ("average_diameter", "species") VALUES(NULL, 'banana')[0m
  [4;35;1mSQL (0.4ms)[0m   [0m SELECT name
 FROM sqlite_master
 WHERE type = 'table' AND NOT name = 'sqlite_sequence'
[0m
  [4;36;1mSQL (1.9ms)[0m   [0;1mDELETE FROM fruits WHERE 1=1[0m
  [4;35;1mSQL (1.7ms)[0m   [0mDELETE FROM schema_migrations WHERE 1=1[0m
  [4;36;1mFruit Create (0.3ms)[0m   [0;1mINSERT INTO "fruits" ("average_diameter", "species") VALUES(NULL, 'apple')[0m
  [4;35;1mFruit Create (0.2ms)[0m   [0mINSERT INTO "fruits" ("average_diameter", "species") VALUES(NULL, 'banana')[0m
  [4;36;1mSQL (0.6ms)[0m   [0;1m SELECT name
 FROM sqlite_master
 WHERE type = 'table' AND NOT name = 'sqlite_sequence'
[0m
  [4;35;1mSQL (0.3ms)[0m   [0mDELETE FROM fruits WHERE 1=1[0m
  [4;36;1mSQL (0.2ms)[0m   [0;1mDELETE FROM schema_migrations WHERE 1=1[0m
  [4;35;1mFruit Create (0.3ms)[0m   [0mINSERT INTO "fruits" ("average_diameter", "species") VALUES(NULL, 'apple')[0m
  [4;36;1mFruit Create (0.2ms)[0m   [0;1mINSERT INTO "fruits" ("average_diameter", "species") VALUES(NULL, 'orange')[0m
  [4;35;1mSQL (0.4ms)[0m   [0m SELECT name
 FROM sqlite_master
 WHERE type = 'table' AND NOT name = 'sqlite_sequence'
[0m
  [4;36;1mSQL (0.2ms)[0m   [0;1mDELETE FROM fruits WHERE 1=1[0m
  [4;35;1mSQL (0.2ms)[0m   [0mDELETE FROM schema_migrations WHERE 1=1[0m
  [4;36;1mFruit Create (0.3ms)[0m   [0;1mINSERT INTO "fruits" ("average_diameter", "species") VALUES(NULL, 'apple')[0m
  [4;35;1mFruit Create (0.2ms)[0m   [0mINSERT INTO "fruits" ("average_diameter", "species") VALUES(NULL, 'orange')[0m
  [4;36;1mSQL (0.4ms)[0m   [0;1m SELECT name
 FROM sqlite_master
 WHERE type = 'table' AND NOT name = 'sqlite_sequence'
[0m
  [4;35;1mSQL (0.3ms)[0m   [0mDELETE FROM fruits WHERE 1=1[0m
  [4;36;1mSQL (0.2ms)[0m   [0;1mDELETE FROM schema_migrations WHERE 1=1[0m
  [4;35;1mFruit Create (0.3ms)[0m   [0mINSERT INTO "fruits" ("average_diameter", "species") VALUES(NULL, 'apple')[0m
  [4;36;1mFruit Create (0.2ms)[0m   [0;1mINSERT INTO "fruits" ("average_diameter", "species") VALUES(NULL, 'orange')[0m
  [4;35;1mSQL (0.4ms)[0m   [0m SELECT name
 FROM sqlite_master
 WHERE type = 'table' AND NOT name = 'sqlite_sequence'
[0m
  [4;36;1mSQL (0.2ms)[0m   [0;1mDELETE FROM fruits WHERE 1=1[0m
  [4;35;1mSQL (0.2ms)[0m   [0mDELETE FROM schema_migrations WHERE 1=1[0m
  [4;36;1mFruit Create (0.3ms)[0m   [0;1mINSERT INTO "fruits" ("average_diameter", "species") VALUES(NULL, 'apple')[0m
  [4;35;1mFruit Create (0.2ms)[0m   [0mINSERT INTO "fruits" ("average_diameter", "species") VALUES(NULL, 'orange')[0m
  [4;36;1mSQL (0.4ms)[0m   [0;1mselect sqlite_version(*)[0m
  [4;35;1mSQL (19.3ms)[0m   [0mCREATE TABLE "fruits" ("id" INTEGER PRIMARY KEY AUTOINCREMENT NOT NULL, "species" varchar(255), "average_diameter" integer) [0m
  [4;36;1mSQL (0.4ms)[0m   [0;1m SELECT name
 FROM sqlite_master
 WHERE type = 'table' AND NOT name = 'sqlite_sequence'
[0m
  [4;35;1mSQL (9.3ms)[0m   [0mCREATE TABLE "schema_migrations" ("version" varchar(255) NOT NULL) [0m
  [4;36;1mSQL (12.8ms)[0m   [0;1mCREATE UNIQUE INDEX "unique_schema_migrations" ON "schema_migrations" ("version")[0m
  [4;35;1mSQL (0.4ms)[0m   [0m SELECT name
 FROM sqlite_master
 WHERE type = 'table' AND NOT name = 'sqlite_sequence'
[0m
  [4;36;1mSQL (0.1ms)[0m   [0;1mSELECT version FROM "schema_migrations"[0m
  [4;35;1mSQL (8.0ms)[0m   [0mINSERT INTO "schema_migrations" (version) VALUES ('0')[0m
  [4;36;1mSQL (0.4ms)[0m   [0;1m SELECT name
 FROM sqlite_master
 WHERE type = 'table' AND NOT name = 'sqlite_sequence'
[0m
  [4;35;1mSQL (0.2ms)[0m   [0mDELETE FROM fruits WHERE 1=1[0m
  [4;36;1mSQL (0.3ms)[0m   [0;1mDELETE FROM schema_migrations WHERE 1=1[0m
  [4;35;1mFruit Create (0.3ms)[0m   [0mINSERT INTO "fruits" ("average_diameter", "species") VALUES(NULL, 'apple')[0m
  [4;36;1mSQL (0.4ms)[0m   [0;1m SELECT name
 FROM sqlite_master
 WHERE type = 'table' AND NOT name = 'sqlite_sequence'
[0m
  [4;35;1mSQL (0.2ms)[0m   [0mDELETE FROM fruits WHERE 1=1[0m
  [4;36;1mSQL (0.2ms)[0m   [0;1mDELETE FROM schema_migrations WHERE 1=1[0m
  [4;35;1mFruit Create (0.3ms)[0m   [0mINSERT INTO "fruits" ("average_diameter", "species") VALUES(NULL, 'apple')[0m
  [4;36;1mSQL (0.4ms)[0m   [0;1m SELECT name
 FROM sqlite_master
 WHERE type = 'table' AND NOT name = 'sqlite_sequence'
[0m
  [4;35;1mSQL (0.2ms)[0m   [0mDELETE FROM fruits WHERE 1=1[0m
  [4;36;1mSQL (0.2ms)[0m   [0;1mDELETE FROM schema_migrations WHERE 1=1[0m
  [4;35;1mFruit Create (0.3ms)[0m   [0mINSERT INTO "fruits" ("average_diameter", "species") VALUES(NULL, 'apple')[0m
  [4;36;1mSQL (0.6ms)[0m   [0;1m SELECT name
 FROM sqlite_master
 WHERE type = 'table' AND NOT name = 'sqlite_sequence'
[0m
  [4;35;1mSQL (0.3ms)[0m   [0mDELETE FROM fruits WHERE 1=1[0m
  [4;36;1mSQL (0.3ms)[0m   [0;1mDELETE FROM schema_migrations WHERE 1=1[0m
  [4;35;1mFruit Create (0.6ms)[0m   [0mINSERT INTO "fruits" ("average_diameter", "species") VALUES(NULL, 'apple')[0m
  [4;36;1mSQL (0.6ms)[0m   [0;1m SELECT name
 FROM sqlite_master
 WHERE type = 'table' AND NOT name = 'sqlite_sequence'
[0m
  [4;35;1mSQL (0.3ms)[0m   [0mDELETE FROM fruits WHERE 1=1[0m
  [4;36;1mSQL (0.3ms)[0m   [0;1mDELETE FROM schema_migrations WHERE 1=1[0m
  [4;35;1mFruit Create (0.4ms)[0m   [0mINSERT INTO "fruits" ("average_diameter", "species") VALUES(NULL, 'apple')[0m
  [4;36;1mFruit Create (0.3ms)[0m   [0;1mINSERT INTO "fruits" ("average_diameter", "species") VALUES(NULL, 'banana')[0m
  [4;35;1mSQL (0.9ms)[0m   [0m SELECT name
 FROM sqlite_master
 WHERE type = 'table' AND NOT name = 'sqlite_sequence'
[0m
  [4;36;1mSQL (0.3ms)[0m   [0;1mDELETE FROM fruits WHERE 1=1[0m
  [4;35;1mSQL (0.3ms)[0m   [0mDELETE FROM schema_migrations WHERE 1=1[0m
  [4;36;1mFruit Create (0.4ms)[0m   [0;1mINSERT INTO "fruits" ("average_diameter", "species") VALUES(NULL, 'apple')[0m
  [4;35;1mFruit Create (0.3ms)[0m   [0mINSERT INTO "fruits" ("average_diameter", "species") VALUES(NULL, 'banana')[0m
  [4;36;1mSQL (0.6ms)[0m   [0;1m SELECT name
 FROM sqlite_master
 WHERE type = 'table' AND NOT name = 'sqlite_sequence'
[0m
  [4;35;1mSQL (0.3ms)[0m   [0mDELETE FROM fruits WHERE 1=1[0m
  [4;36;1mSQL (0.3ms)[0m   [0;1mDELETE FROM schema_migrations WHERE 1=1[0m
  [4;35;1mFruit Create (0.4ms)[0m   [0mINSERT INTO "fruits" ("average_diameter", "species") VALUES(NULL, 'apple')[0m
  [4;36;1mFruit Create (0.3ms)[0m   [0;1mINSERT INTO "fruits" ("average_diameter", "species") VALUES(NULL, 'orange')[0m
  [4;35;1mSQL (0.6ms)[0m   [0m SELECT name
 FROM sqlite_master
 WHERE type = 'table' AND NOT name = 'sqlite_sequence'
[0m
  [4;36;1mSQL (0.3ms)[0m   [0;1mDELETE FROM fruits WHERE 1=1[0m
  [4;35;1mSQL (0.3ms)[0m   [0mDELETE FROM schema_migrations WHERE 1=1[0m
  [4;36;1mFruit Create (0.4ms)[0m   [0;1mINSERT INTO "fruits" ("average_diameter", "species") VALUES(NULL, 'apple')[0m
  [4;35;1mFruit Create (0.3ms)[0m   [0mINSERT INTO "fruits" ("average_diameter", "species") VALUES(NULL, 'orange')[0m
  [4;36;1mSQL (0.8ms)[0m   [0;1m SELECT name
 FROM sqlite_master
 WHERE type = 'table' AND NOT name = 'sqlite_sequence'
[0m
  [4;35;1mSQL (0.4ms)[0m   [0mDELETE FROM fruits WHERE 1=1[0m
  [4;36;1mSQL (0.3ms)[0m   [0;1mDELETE FROM schema_migrations WHERE 1=1[0m
  [4;35;1mFruit Create (0.4ms)[0m   [0mINSERT INTO "fruits" ("average_diameter", "species") VALUES(NULL, 'apple')[0m
  [4;36;1mFruit Create (0.3ms)[0m   [0;1mINSERT INTO "fruits" ("average_diameter", "species") VALUES(NULL, 'orange')[0m
  [4;35;1mSQL (0.6ms)[0m   [0m SELECT name
 FROM sqlite_master
 WHERE type = 'table' AND NOT name = 'sqlite_sequence'
[0m
  [4;36;1mSQL (0.3ms)[0m   [0;1mDELETE FROM fruits WHERE 1=1[0m
  [4;35;1mSQL (0.3ms)[0m   [0mDELETE FROM schema_migrations WHERE 1=1[0m
  [4;36;1mFruit Create (0.3ms)[0m   [0;1mINSERT INTO "fruits" ("average_diameter", "species") VALUES(NULL, 'apple')[0m
  [4;35;1mFruit Create (0.3ms)[0m   [0mINSERT INTO "fruits" ("average_diameter", "species") VALUES(NULL, 'orange')[0m
  [4;36;1mSQL (0.6ms)[0m   [0;1mselect sqlite_version(*)[0m
  [4;35;1mSQL (16.7ms)[0m   [0mCREATE TABLE "fruits" ("id" INTEGER PRIMARY KEY AUTOINCREMENT NOT NULL, "species" varchar(255), "average_diameter" integer) [0m
  [4;36;1mSQL (0.4ms)[0m   [0;1m SELECT name
 FROM sqlite_master
 WHERE type = 'table' AND NOT name = 'sqlite_sequence'
[0m
  [4;35;1mSQL (7.6ms)[0m   [0mCREATE TABLE "schema_migrations" ("version" varchar(255) NOT NULL) [0m
  [4;36;1mSQL (29.5ms)[0m   [0;1mCREATE UNIQUE INDEX "unique_schema_migrations" ON "schema_migrations" ("version")[0m
  [4;35;1mSQL (0.7ms)[0m   [0m SELECT name
 FROM sqlite_master
 WHERE type = 'table' AND NOT name = 'sqlite_sequence'
[0m
  [4;36;1mSQL (0.5ms)[0m   [0;1mSELECT version FROM "schema_migrations"[0m
  [4;35;1mSQL (6.2ms)[0m   [0mINSERT INTO "schema_migrations" (version) VALUES ('0')[0m
  [4;36;1mSQL (0.7ms)[0m   [0;1m SELECT name
 FROM sqlite_master
 WHERE type = 'table' AND NOT name = 'sqlite_sequence'
[0m
  [4;35;1mSQL (0.3ms)[0m   [0mDELETE FROM fruits WHERE 1=1[0m
  [4;36;1mSQL (0.3ms)[0m   [0;1mDELETE FROM schema_migrations WHERE 1=1[0m
  [4;35;1mFruit Create (0.4ms)[0m   [0mINSERT INTO "fruits" ("average_diameter", "species") VALUES(NULL, 'apple')[0m
  [4;36;1mSQL (1.0ms)[0m   [0;1m SELECT name
 FROM sqlite_master
 WHERE type = 'table' AND NOT name = 'sqlite_sequence'
[0m
  [4;35;1mSQL (0.4ms)[0m   [0mDELETE FROM fruits WHERE 1=1[0m
  [4;36;1mSQL (2.5ms)[0m   [0;1mDELETE FROM schema_migrations WHERE 1=1[0m
  [4;35;1mFruit Create (0.3ms)[0m   [0mINSERT INTO "fruits" ("average_diameter", "species") VALUES(NULL, 'apple')[0m
  [4;36;1mSQL (0.6ms)[0m   [0;1m SELECT name
 FROM sqlite_master
 WHERE type = 'table' AND NOT name = 'sqlite_sequence'
[0m
  [4;35;1mSQL (0.5ms)[0m   [0m SELECT name
 FROM sqlite_master
 WHERE type = 'table' AND NOT name = 'sqlite_sequence'
[0m
  [4;36;1mSQL (0.3ms)[0m   [0;1mDELETE FROM fruits WHERE 1=1[0m
  [4;35;1mSQL (0.3ms)[0m   [0mDELETE FROM schema_migrations WHERE 1=1[0m
  [4;36;1mFruit Create (0.3ms)[0m   [0;1mINSERT INTO "fruits" ("average_diameter", "species") VALUES(NULL, 'apple')[0m
  [4;35;1mSQL (0.6ms)[0m   [0m SELECT name
 FROM sqlite_master
 WHERE type = 'table' AND NOT name = 'sqlite_sequence'
[0m
  [4;36;1mSQL (0.3ms)[0m   [0;1mDELETE FROM fruits WHERE 1=1[0m
  [4;35;1mSQL (0.3ms)[0m   [0mDELETE FROM schema_migrations WHERE 1=1[0m
  [4;36;1mFruit Create (0.7ms)[0m   [0;1mINSERT INTO "fruits" ("average_diameter", "species") VALUES(NULL, 'apple')[0m
  [4;35;1mSQL (0.7ms)[0m   [0m SELECT name
 FROM sqlite_master
 WHERE type = 'table' AND NOT name = 'sqlite_sequence'
[0m
  [4;36;1mSQL (0.7ms)[0m   [0;1mDELETE FROM fruits WHERE 1=1[0m
  [4;35;1mSQL (0.3ms)[0m   [0mDELETE FROM schema_migrations WHERE 1=1[0m
  [4;36;1mFruit Create (0.4ms)[0m   [0;1mINSERT INTO "fruits" ("average_diameter", "species") VALUES(NULL, 'apple')[0m
  [4;35;1mFruit Create (0.3ms)[0m   [0mINSERT INTO "fruits" ("average_diameter", "species") VALUES(NULL, 'banana')[0m
  [4;36;1mSQL (0.6ms)[0m   [0;1m SELECT name
 FROM sqlite_master
 WHERE type = 'table' AND NOT name = 'sqlite_sequence'
[0m
  [4;35;1mSQL (0.3ms)[0m   [0mDELETE FROM fruits WHERE 1=1[0m
  [4;36;1mSQL (0.4ms)[0m   [0;1mDELETE FROM schema_migrations WHERE 1=1[0m
  [4;35;1mFruit Create (0.4ms)[0m   [0mINSERT INTO "fruits" ("average_diameter", "species") VALUES(NULL, 'apple')[0m
  [4;36;1mFruit Create (0.3ms)[0m   [0;1mINSERT INTO "fruits" ("average_diameter", "species") VALUES(NULL, 'banana')[0m
  [4;35;1mSQL (0.4ms)[0m   [0m SELECT name
 FROM sqlite_master
 WHERE type = 'table' AND NOT name = 'sqlite_sequence'
[0m
  [4;36;1mSQL (0.4ms)[0m   [0;1mDELETE FROM fruits WHERE 1=1[0m
  [4;35;1mSQL (0.9ms)[0m   [0mDELETE FROM schema_migrations WHERE 1=1[0m
  [4;36;1mFruit Create (0.7ms)[0m   [0;1mINSERT INTO "fruits" ("average_diameter", "species") VALUES(NULL, 'apple')[0m
  [4;35;1mFruit Create (0.2ms)[0m   [0mINSERT INTO "fruits" ("average_diameter", "species") VALUES(NULL, 'orange')[0m
  [4;36;1mSQL (0.5ms)[0m   [0;1m SELECT name
 FROM sqlite_master
 WHERE type = 'table' AND NOT name = 'sqlite_sequence'
[0m
  [4;35;1mSQL (0.3ms)[0m   [0mDELETE FROM fruits WHERE 1=1[0m
  [4;36;1mSQL (0.2ms)[0m   [0;1mDELETE FROM schema_migrations WHERE 1=1[0m
  [4;35;1mFruit Create (0.3ms)[0m   [0mINSERT INTO "fruits" ("average_diameter", "species") VALUES(NULL, 'apple')[0m
  [4;36;1mFruit Create (0.2ms)[0m   [0;1mINSERT INTO "fruits" ("average_diameter", "species") VALUES(NULL, 'orange')[0m
  [4;35;1mSQL (0.4ms)[0m   [0m SELECT name
 FROM sqlite_master
 WHERE type = 'table' AND NOT name = 'sqlite_sequence'
[0m
  [4;36;1mSQL (0.3ms)[0m   [0;1mDELETE FROM fruits WHERE 1=1[0m
  [4;35;1mSQL (0.2ms)[0m   [0mDELETE FROM schema_migrations WHERE 1=1[0m
  [4;36;1mFruit Create (0.4ms)[0m   [0;1mINSERT INTO "fruits" ("average_diameter", "species") VALUES(NULL, 'apple')[0m
  [4;35;1mFruit Create (0.2ms)[0m   [0mINSERT INTO "fruits" ("average_diameter", "species") VALUES(NULL, 'orange')[0m
  [4;36;1mSQL (0.4ms)[0m   [0;1m SELECT name
 FROM sqlite_master
 WHERE type = 'table' AND NOT name = 'sqlite_sequence'
[0m
  [4;35;1mSQL (0.8ms)[0m   [0mDELETE FROM fruits WHERE 1=1[0m
  [4;36;1mSQL (0.2ms)[0m   [0;1mDELETE FROM schema_migrations WHERE 1=1[0m
  [4;35;1mFruit Create (0.6ms)[0m   [0mINSERT INTO "fruits" ("average_diameter", "species") VALUES(NULL, 'apple')[0m
  [4;36;1mFruit Create (0.2ms)[0m   [0;1mINSERT INTO "fruits" ("average_diameter", "species") VALUES(NULL, 'orange')[0m
  [4;36;1mSQL (0.7ms)[0m   [0;1mselect sqlite_version(*)[0m
  [4;35;1mSQL (7.3ms)[0m   [0mCREATE TABLE "fruits" ("id" INTEGER PRIMARY KEY AUTOINCREMENT NOT NULL, "species" varchar(255), "average_diameter" integer) [0m
  [4;36;1mSQL (0.5ms)[0m   [0;1m SELECT name
 FROM sqlite_master
 WHERE type = 'table' AND NOT name = 'sqlite_sequence'
[0m
  [4;35;1mSQL (7.2ms)[0m   [0mCREATE TABLE "schema_migrations" ("version" varchar(255) NOT NULL) [0m
  [4;36;1mSQL (7.6ms)[0m   [0;1mCREATE UNIQUE INDEX "unique_schema_migrations" ON "schema_migrations" ("version")[0m
  [4;35;1mSQL (0.5ms)[0m   [0m SELECT name
 FROM sqlite_master
 WHERE type = 'table' AND NOT name = 'sqlite_sequence'
[0m
  [4;36;1mSQL (0.3ms)[0m   [0;1mSELECT version FROM "schema_migrations"[0m
  [4;35;1mSQL (8.9ms)[0m   [0mINSERT INTO "schema_migrations" (version) VALUES ('0')[0m
  [4;36;1mSQL (0.7ms)[0m   [0;1m SELECT name
 FROM sqlite_master
 WHERE type = 'table' AND NOT name = 'sqlite_sequence'
[0m
  [4;35;1mSQL (0.4ms)[0m   [0mDELETE FROM fruits WHERE 1=1[0m
  [4;36;1mSQL (0.3ms)[0m   [0;1mDELETE FROM schema_migrations WHERE 1=1[0m
  [4;35;1mFruit Create (0.3ms)[0m   [0mINSERT INTO "fruits" ("average_diameter", "species") VALUES(NULL, 'apple')[0m
  [4;36;1mSQL (0.4ms)[0m   [0;1m SELECT name
 FROM sqlite_master
 WHERE type = 'table' AND NOT name = 'sqlite_sequence'
[0m
  [4;35;1mSQL (0.3ms)[0m   [0mDELETE FROM fruits WHERE 1=1[0m
  [4;36;1mSQL (0.2ms)[0m   [0;1mDELETE FROM schema_migrations WHERE 1=1[0m
  [4;35;1mFruit Create (0.2ms)[0m   [0mINSERT INTO "fruits" ("average_diameter", "species") VALUES(NULL, 'apple')[0m
  [4;36;1mSQL (0.4ms)[0m   [0;1m SELECT name
 FROM sqlite_master
 WHERE type = 'table' AND NOT name = 'sqlite_sequence'
[0m
  [4;35;1mSQL (0.3ms)[0m   [0mDELETE FROM fruits WHERE 1=1[0m
  [4;36;1mSQL (0.2ms)[0m   [0;1mDELETE FROM schema_migrations WHERE 1=1[0m
  [4;35;1mFruit Create (0.3ms)[0m   [0mINSERT INTO "fruits" ("average_diameter", "species") VALUES(NULL, 'apple')[0m
  [4;36;1mSQL (0.4ms)[0m   [0;1m SELECT name
 FROM sqlite_master
 WHERE type = 'table' AND NOT name = 'sqlite_sequence'
[0m
  [4;35;1mSQL (0.2ms)[0m   [0mDELETE FROM fruits WHERE 1=1[0m
  [4;36;1mSQL (0.2ms)[0m   [0;1mDELETE FROM schema_migrations WHERE 1=1[0m
  [4;35;1mFruit Create (0.3ms)[0m   [0mINSERT INTO "fruits" ("average_diameter", "species") VALUES(NULL, 'apple')[0m
  [4;36;1mSQL (0.4ms)[0m   [0;1m SELECT name
 FROM sqlite_master
 WHERE type = 'table' AND NOT name = 'sqlite_sequence'
[0m
  [4;35;1mSQL (0.2ms)[0m   [0mDELETE FROM fruits WHERE 1=1[0m
  [4;36;1mSQL (0.2ms)[0m   [0;1mDELETE FROM schema_migrations WHERE 1=1[0m
  [4;35;1mFruit Create (0.3ms)[0m   [0mINSERT INTO "fruits" ("average_diameter", "species") VALUES(NULL, 'apple')[0m
  [4;36;1mFruit Create (0.2ms)[0m   [0;1mINSERT INTO "fruits" ("average_diameter", "species") VALUES(NULL, 'banana')[0m
  [4;35;1mSQL (0.7ms)[0m   [0m SELECT name
 FROM sqlite_master
 WHERE type = 'table' AND NOT name = 'sqlite_sequence'
[0m
  [4;36;1mSQL (0.2ms)[0m   [0;1mDELETE FROM fruits WHERE 1=1[0m
  [4;35;1mSQL (0.2ms)[0m   [0mDELETE FROM schema_migrations WHERE 1=1[0m
  [4;36;1mFruit Create (0.3ms)[0m   [0;1mINSERT INTO "fruits" ("average_diameter", "species") VALUES(NULL, 'apple')[0m
  [4;35;1mFruit Create (0.2ms)[0m   [0mINSERT INTO "fruits" ("average_diameter", "species") VALUES(NULL, 'banana')[0m
  [4;36;1mSQL (0.5ms)[0m   [0;1m SELECT name
 FROM sqlite_master
 WHERE type = 'table' AND NOT name = 'sqlite_sequence'
[0m
  [4;35;1mSQL (0.3ms)[0m   [0mDELETE FROM fruits WHERE 1=1[0m
  [4;36;1mSQL (0.2ms)[0m   [0;1mDELETE FROM schema_migrations WHERE 1=1[0m
  [4;35;1mFruit Create (0.3ms)[0m   [0mINSERT INTO "fruits" ("average_diameter", "species") VALUES(NULL, 'apple')[0m
  [4;36;1mFruit Create (0.2ms)[0m   [0;1mINSERT INTO "fruits" ("average_diameter", "species") VALUES(NULL, 'orange')[0m
  [4;35;1mSQL (0.4ms)[0m   [0m SELECT name
 FROM sqlite_master
 WHERE type = 'table' AND NOT name = 'sqlite_sequence'
[0m
  [4;36;1mSQL (0.3ms)[0m   [0;1mDELETE FROM fruits WHERE 1=1[0m
  [4;35;1mSQL (0.2ms)[0m   [0mDELETE FROM schema_migrations WHERE 1=1[0m
  [4;36;1mFruit Create (0.3ms)[0m   [0;1mINSERT INTO "fruits" ("average_diameter", "species") VALUES(NULL, 'apple')[0m
  [4;35;1mFruit Create (0.2ms)[0m   [0mINSERT INTO "fruits" ("average_diameter", "species") VALUES(NULL, 'orange')[0m
  [4;36;1mSQL (0.7ms)[0m   [0;1m SELECT name
 FROM sqlite_master
 WHERE type = 'table' AND NOT name = 'sqlite_sequence'
[0m
  [4;35;1mSQL (0.2ms)[0m   [0mDELETE FROM fruits WHERE 1=1[0m
  [4;36;1mSQL (0.2ms)[0m   [0;1mDELETE FROM schema_migrations WHERE 1=1[0m
  [4;35;1mFruit Create (0.3ms)[0m   [0mINSERT INTO "fruits" ("average_diameter", "species") VALUES(NULL, 'apple')[0m
  [4;36;1mFruit Create (0.3ms)[0m   [0;1mINSERT INTO "fruits" ("average_diameter", "species") VALUES(NULL, 'orange')[0m
  [4;35;1mSQL (0.6ms)[0m   [0m SELECT name
 FROM sqlite_master
 WHERE type = 'table' AND NOT name = 'sqlite_sequence'
[0m
  [4;36;1mSQL (0.2ms)[0m   [0;1mDELETE FROM fruits WHERE 1=1[0m
  [4;35;1mSQL (0.2ms)[0m   [0mDELETE FROM schema_migrations WHERE 1=1[0m
  [4;36;1mFruit Create (0.3ms)[0m   [0;1mINSERT INTO "fruits" ("average_diameter", "species") VALUES(NULL, 'apple')[0m
  [4;35;1mFruit Create (0.2ms)[0m   [0mINSERT INTO "fruits" ("average_diameter", "species") VALUES(NULL, 'orange')[0m
  [4;36;1mSQL (0.4ms)[0m   [0;1mselect sqlite_version(*)[0m
  [4;35;1mSQL (5.6ms)[0m   [0mCREATE TABLE "fruits" ("id" INTEGER PRIMARY KEY AUTOINCREMENT NOT NULL, "species" varchar(255), "average_diameter" integer) [0m
  [4;36;1mSQL (0.3ms)[0m   [0;1m SELECT name
 FROM sqlite_master
 WHERE type = 'table' AND NOT name = 'sqlite_sequence'
[0m
  [4;35;1mSQL (4.1ms)[0m   [0mCREATE TABLE "schema_migrations" ("version" varchar(255) NOT NULL) [0m
  [4;36;1mSQL (14.6ms)[0m   [0;1mCREATE UNIQUE INDEX "unique_schema_migrations" ON "schema_migrations" ("version")[0m
  [4;35;1mSQL (0.4ms)[0m   [0m SELECT name
 FROM sqlite_master
 WHERE type = 'table' AND NOT name = 'sqlite_sequence'
[0m
  [4;36;1mSQL (0.2ms)[0m   [0;1mSELECT version FROM "schema_migrations"[0m
  [4;35;1mSQL (11.9ms)[0m   [0mINSERT INTO "schema_migrations" (version) VALUES ('0')[0m
  [4;36;1mSQL (0.6ms)[0m   [0;1m SELECT name
 FROM sqlite_master
 WHERE type = 'table' AND NOT name = 'sqlite_sequence'
[0m
  [4;35;1mSQL (0.4ms)[0m   [0mDELETE FROM fruits WHERE 1=1[0m
  [4;36;1mSQL (0.4ms)[0m   [0;1mDELETE FROM schema_migrations WHERE 1=1[0m
  [4;35;1mFruit Create (0.4ms)[0m   [0mINSERT INTO "fruits" ("average_diameter", "species") VALUES(NULL, 'apple')[0m
  [4;36;1mSQL (0.6ms)[0m   [0;1m SELECT name
 FROM sqlite_master
 WHERE type = 'table' AND NOT name = 'sqlite_sequence'
[0m
  [4;35;1mSQL (0.3ms)[0m   [0mDELETE FROM fruits WHERE 1=1[0m
  [4;36;1mSQL (0.3ms)[0m   [0;1mDELETE FROM schema_migrations WHERE 1=1[0m
  [4;35;1mFruit Create (0.4ms)[0m   [0mINSERT INTO "fruits" ("average_diameter", "species") VALUES(NULL, 'apple')[0m
  [4;36;1mSQL (0.6ms)[0m   [0;1m SELECT name
 FROM sqlite_master
 WHERE type = 'table' AND NOT name = 'sqlite_sequence'
[0m
  [4;35;1mSQL (0.3ms)[0m   [0mDELETE FROM fruits WHERE 1=1[0m
  [4;36;1mSQL (0.3ms)[0m   [0;1mDELETE FROM schema_migrations WHERE 1=1[0m
  [4;35;1mFruit Create (0.5ms)[0m   [0mINSERT INTO "fruits" ("average_diameter", "species") VALUES(NULL, 'apple')[0m
  [4;36;1mSQL (0.6ms)[0m   [0;1m SELECT name
 FROM sqlite_master
 WHERE type = 'table' AND NOT name = 'sqlite_sequence'
[0m
  [4;35;1mSQL (0.4ms)[0m   [0mDELETE FROM fruits WHERE 1=1[0m
  [4;36;1mSQL (0.3ms)[0m   [0;1mDELETE FROM schema_migrations WHERE 1=1[0m
  [4;35;1mFruit Create (0.4ms)[0m   [0mINSERT INTO "fruits" ("average_diameter", "species") VALUES(NULL, 'apple')[0m
  [4;36;1mSQL (0.5ms)[0m   [0;1m SELECT name
 FROM sqlite_master
 WHERE type = 'table' AND NOT name = 'sqlite_sequence'
[0m
  [4;35;1mSQL (0.3ms)[0m   [0mDELETE FROM fruits WHERE 1=1[0m
  [4;36;1mSQL (0.3ms)[0m   [0;1mDELETE FROM schema_migrations WHERE 1=1[0m
  [4;35;1mFruit Create (0.4ms)[0m   [0mINSERT INTO "fruits" ("average_diameter", "species") VALUES(NULL, 'apple')[0m
  [4;36;1mFruit Create (1.6ms)[0m   [0;1mINSERT INTO "fruits" ("average_diameter", "species") VALUES(NULL, 'banana')[0m
  [4;35;1mSQL (0.6ms)[0m   [0m SELECT name
 FROM sqlite_master
 WHERE type = 'table' AND NOT name = 'sqlite_sequence'
[0m
  [4;36;1mSQL (0.4ms)[0m   [0;1mDELETE FROM fruits WHERE 1=1[0m
  [4;35;1mSQL (0.3ms)[0m   [0mDELETE FROM schema_migrations WHERE 1=1[0m
  [4;36;1mFruit Create (0.3ms)[0m   [0;1mINSERT INTO "fruits" ("average_diameter", "species") VALUES(NULL, 'apple')[0m
  [4;35;1mFruit Create (0.2ms)[0m   [0mINSERT INTO "fruits" ("average_diameter", "species") VALUES(NULL, 'banana')[0m
  [4;36;1mSQL (0.4ms)[0m   [0;1m SELECT name
 FROM sqlite_master
 WHERE type = 'table' AND NOT name = 'sqlite_sequence'
[0m
  [4;35;1mSQL (0.2ms)[0m   [0mDELETE FROM fruits WHERE 1=1[0m
  [4;36;1mSQL (0.2ms)[0m   [0;1mDELETE FROM schema_migrations WHERE 1=1[0m
  [4;35;1mFruit Create (1.1ms)[0m   [0mINSERT INTO "fruits" ("average_diameter", "species") VALUES(NULL, 'apple')[0m
  [4;36;1mFruit Create (0.2ms)[0m   [0;1mINSERT INTO "fruits" ("average_diameter", "species") VALUES(NULL, 'orange')[0m
  [4;35;1mSQL (0.4ms)[0m   [0m SELECT name
 FROM sqlite_master
 WHERE type = 'table' AND NOT name = 'sqlite_sequence'
[0m
  [4;36;1mSQL (0.2ms)[0m   [0;1mDELETE FROM fruits WHERE 1=1[0m
  [4;35;1mSQL (0.2ms)[0m   [0mDELETE FROM schema_migrations WHERE 1=1[0m
  [4;36;1mFruit Create (0.3ms)[0m   [0;1mINSERT INTO "fruits" ("average_diameter", "species") VALUES(NULL, 'apple')[0m
  [4;35;1mFruit Create (0.2ms)[0m   [0mINSERT INTO "fruits" ("average_diameter", "species") VALUES(NULL, 'orange')[0m
  [4;36;1mSQL (0.8ms)[0m   [0;1m SELECT name
 FROM sqlite_master
 WHERE type = 'table' AND NOT name = 'sqlite_sequence'
[0m
  [4;35;1mSQL (0.2ms)[0m   [0mDELETE FROM fruits WHERE 1=1[0m
  [4;36;1mSQL (0.2ms)[0m   [0;1mDELETE FROM schema_migrations WHERE 1=1[0m
  [4;35;1mFruit Create (0.3ms)[0m   [0mINSERT INTO "fruits" ("average_diameter", "species") VALUES(NULL, 'apple')[0m
  [4;36;1mFruit Create (0.2ms)[0m   [0;1mINSERT INTO "fruits" ("average_diameter", "species") VALUES(NULL, 'orange')[0m
  [4;35;1mSQL (0.7ms)[0m   [0m SELECT name
 FROM sqlite_master
 WHERE type = 'table' AND NOT name = 'sqlite_sequence'
[0m
  [4;36;1mSQL (0.3ms)[0m   [0;1mDELETE FROM fruits WHERE 1=1[0m
  [4;35;1mSQL (0.2ms)[0m   [0mDELETE FROM schema_migrations WHERE 1=1[0m
  [4;36;1mFruit Create (0.3ms)[0m   [0;1mINSERT INTO "fruits" ("average_diameter", "species") VALUES(NULL, 'apple')[0m
  [4;35;1mFruit Create (0.2ms)[0m   [0mINSERT INTO "fruits" ("average_diameter", "species") VALUES(NULL, 'orange')[0m
  [4;36;1mSQL (0.4ms)[0m   [0;1mselect sqlite_version(*)[0m
  [4;35;1mSQL (5.1ms)[0m   [0mCREATE TABLE "fruits" ("id" INTEGER PRIMARY KEY AUTOINCREMENT NOT NULL, "species" varchar(255), "average_diameter" integer) [0m
  [4;36;1mSQL (0.4ms)[0m   [0;1m SELECT name
 FROM sqlite_master
 WHERE type = 'table' AND NOT name = 'sqlite_sequence'
[0m
  [4;35;1mSQL (3.8ms)[0m   [0mCREATE TABLE "schema_migrations" ("version" varchar(255) NOT NULL) [0m
  [4;36;1mSQL (11.8ms)[0m   [0;1mCREATE UNIQUE INDEX "unique_schema_migrations" ON "schema_migrations" ("version")[0m
  [4;35;1mSQL (0.5ms)[0m   [0m SELECT name
 FROM sqlite_master
 WHERE type = 'table' AND NOT name = 'sqlite_sequence'
[0m
  [4;36;1mSQL (0.1ms)[0m   [0;1mSELECT version FROM "schema_migrations"[0m
  [4;35;1mSQL (25.9ms)[0m   [0mINSERT INTO "schema_migrations" (version) VALUES ('0')[0m
  [4;36;1mSQL (0.4ms)[0m   [0;1m SELECT name
 FROM sqlite_master
 WHERE type = 'table' AND NOT name = 'sqlite_sequence'
[0m
  [4;35;1mSQL (0.2ms)[0m   [0mDELETE FROM fruits WHERE 1=1[0m
  [4;36;1mSQL (0.2ms)[0m   [0;1mDELETE FROM schema_migrations WHERE 1=1[0m
  [4;35;1mFruit Create (0.3ms)[0m   [0mINSERT INTO "fruits" ("average_diameter", "species") VALUES(NULL, 'apple')[0m
  [4;36;1mSQL (0.4ms)[0m   [0;1m SELECT name
 FROM sqlite_master
 WHERE type = 'table' AND NOT name = 'sqlite_sequence'
[0m
  [4;35;1mSQL (0.2ms)[0m   [0mDELETE FROM fruits WHERE 1=1[0m
  [4;36;1mSQL (0.2ms)[0m   [0;1mDELETE FROM schema_migrations WHERE 1=1[0m
  [4;35;1mFruit Create (0.2ms)[0m   [0mINSERT INTO "fruits" ("average_diameter", "species") VALUES(NULL, 'apple')[0m
  [4;36;1mSQL (0.3ms)[0m   [0;1m SELECT name
 FROM sqlite_master
 WHERE type = 'table' AND NOT name = 'sqlite_sequence'
[0m
  [4;35;1mSQL (0.2ms)[0m   [0mDELETE FROM fruits WHERE 1=1[0m
  [4;36;1mSQL (0.2ms)[0m   [0;1mDELETE FROM schema_migrations WHERE 1=1[0m
  [4;35;1mFruit Create (0.2ms)[0m   [0mINSERT INTO "fruits" ("average_diameter", "species") VALUES(NULL, 'apple')[0m
  [4;36;1mSQL (0.3ms)[0m   [0;1m SELECT name
 FROM sqlite_master
 WHERE type = 'table' AND NOT name = 'sqlite_sequence'
[0m
  [4;35;1mSQL (0.2ms)[0m   [0mDELETE FROM fruits WHERE 1=1[0m
  [4;36;1mSQL (0.2ms)[0m   [0;1mDELETE FROM schema_migrations WHERE 1=1[0m
  [4;35;1mFruit Create (0.2ms)[0m   [0mINSERT INTO "fruits" ("average_diameter", "species") VALUES(NULL, 'apple')[0m
  [4;36;1mSQL (0.4ms)[0m   [0;1m SELECT name
 FROM sqlite_master
 WHERE type = 'table' AND NOT name = 'sqlite_sequence'
[0m
  [4;35;1mSQL (0.4ms)[0m   [0mDELETE FROM fruits WHERE 1=1[0m
  [4;36;1mSQL (0.6ms)[0m   [0;1mDELETE FROM schema_migrations WHERE 1=1[0m
  [4;35;1mFruit Create (0.2ms)[0m   [0mINSERT INTO "fruits" ("average_diameter", "species") VALUES(NULL, 'apple')[0m
  [4;36;1mFruit Create (0.9ms)[0m   [0;1mINSERT INTO "fruits" ("average_diameter", "species") VALUES(NULL, 'banana')[0m
  [4;35;1mSQL (0.7ms)[0m   [0m SELECT name
 FROM sqlite_master
 WHERE type = 'table' AND NOT name = 'sqlite_sequence'
[0m
  [4;36;1mSQL (0.3ms)[0m   [0;1mDELETE FROM fruits WHERE 1=1[0m
  [4;35;1mSQL (0.2ms)[0m   [0mDELETE FROM schema_migrations WHERE 1=1[0m
  [4;36;1mFruit Create (0.3ms)[0m   [0;1mINSERT INTO "fruits" ("average_diameter", "species") VALUES(NULL, 'apple')[0m
  [4;35;1mFruit Create (1.0ms)[0m   [0mINSERT INTO "fruits" ("average_diameter", "species") VALUES(NULL, 'banana')[0m
  [4;36;1mSQL (0.5ms)[0m   [0;1m SELECT name
 FROM sqlite_master
 WHERE type = 'table' AND NOT name = 'sqlite_sequence'
[0m
  [4;35;1mSQL (0.3ms)[0m   [0mDELETE FROM fruits WHERE 1=1[0m
  [4;36;1mSQL (0.2ms)[0m   [0;1mDELETE FROM schema_migrations WHERE 1=1[0m
  [4;35;1mFruit Create (0.3ms)[0m   [0mINSERT INTO "fruits" ("average_diameter", "species") VALUES(NULL, 'apple')[0m
  [4;36;1mFruit Create (0.2ms)[0m   [0;1mINSERT INTO "fruits" ("average_diameter", "species") VALUES(NULL, 'orange')[0m
  [4;35;1mSQL (0.9ms)[0m   [0m SELECT name
 FROM sqlite_master
 WHERE type = 'table' AND NOT name = 'sqlite_sequence'
[0m
  [4;36;1mSQL (0.3ms)[0m   [0;1mDELETE FROM fruits WHERE 1=1[0m
  [4;35;1mSQL (0.3ms)[0m   [0mDELETE FROM schema_migrations WHERE 1=1[0m
  [4;36;1mFruit Create (0.3ms)[0m   [0;1mINSERT INTO "fruits" ("average_diameter", "species") VALUES(NULL, 'apple')[0m
  [4;35;1mFruit Create (0.2ms)[0m   [0mINSERT INTO "fruits" ("average_diameter", "species") VALUES(NULL, 'orange')[0m
  [4;36;1mSQL (0.5ms)[0m   [0;1m SELECT name
 FROM sqlite_master
 WHERE type = 'table' AND NOT name = 'sqlite_sequence'
[0m
  [4;35;1mSQL (0.3ms)[0m   [0mDELETE FROM fruits WHERE 1=1[0m
  [4;36;1mSQL (0.3ms)[0m   [0;1mDELETE FROM schema_migrations WHERE 1=1[0m
  [4;35;1mFruit Create (0.3ms)[0m   [0mINSERT INTO "fruits" ("average_diameter", "species") VALUES(NULL, 'apple')[0m
  [4;36;1mFruit Create (0.2ms)[0m   [0;1mINSERT INTO "fruits" ("average_diameter", "species") VALUES(NULL, 'orange')[0m
  [4;35;1mSQL (0.5ms)[0m   [0m SELECT name
 FROM sqlite_master
 WHERE type = 'table' AND NOT name = 'sqlite_sequence'
[0m
  [4;36;1mSQL (0.3ms)[0m   [0;1mDELETE FROM fruits WHERE 1=1[0m
  [4;35;1mSQL (0.2ms)[0m   [0mDELETE FROM schema_migrations WHERE 1=1[0m
  [4;36;1mFruit Create (0.4ms)[0m   [0;1mINSERT INTO "fruits" ("average_diameter", "species") VALUES(NULL, 'apple')[0m
  [4;35;1mFruit Create (0.2ms)[0m   [0mINSERT INTO "fruits" ("average_diameter", "species") VALUES(NULL, 'orange')[0m
  [4;36;1mSQL (0.5ms)[0m   [0;1mselect sqlite_version(*)[0m
  [4;35;1mSQL (6.3ms)[0m   [0mCREATE TABLE "fruits" ("id" INTEGER PRIMARY KEY AUTOINCREMENT NOT NULL, "species" varchar(255), "average_diameter" integer) [0m
  [4;36;1mSQL (0.5ms)[0m   [0;1m SELECT name
 FROM sqlite_master
 WHERE type = 'table' AND NOT name = 'sqlite_sequence'
[0m
  [4;35;1mSQL (17.7ms)[0m   [0mCREATE TABLE "schema_migrations" ("version" varchar(255) NOT NULL) [0m
  [4;36;1mSQL (11.3ms)[0m   [0;1mCREATE UNIQUE INDEX "unique_schema_migrations" ON "schema_migrations" ("version")[0m
  [4;35;1mSQL (0.6ms)[0m   [0m SELECT name
 FROM sqlite_master
 WHERE type = 'table' AND NOT name = 'sqlite_sequence'
[0m
  [4;36;1mSQL (0.2ms)[0m   [0;1mSELECT version FROM "schema_migrations"[0m
  [4;35;1mSQL (6.2ms)[0m   [0mINSERT INTO "schema_migrations" (version) VALUES ('0')[0m
  [4;36;1mSQL (0.5ms)[0m   [0;1m SELECT name
 FROM sqlite_master
 WHERE type = 'table' AND NOT name = 'sqlite_sequence'
[0m
  [4;35;1mSQL (0.3ms)[0m   [0mDELETE FROM fruits WHERE 1=1[0m
  [4;36;1mSQL (0.3ms)[0m   [0;1mDELETE FROM schema_migrations WHERE 1=1[0m
  [4;35;1mFruit Create (0.4ms)[0m   [0mINSERT INTO "fruits" ("average_diameter", "species") VALUES(NULL, 'apple')[0m
  [4;36;1mSQL (0.4ms)[0m   [0;1mselect sqlite_version(*)[0m
  [4;35;1mSQL (5.5ms)[0m   [0mCREATE TABLE "fruits" ("id" INTEGER PRIMARY KEY AUTOINCREMENT NOT NULL, "species" varchar(255), "average_diameter" integer) [0m
  [4;36;1mSQL (0.3ms)[0m   [0;1m SELECT name
 FROM sqlite_master
 WHERE type = 'table' AND NOT name = 'sqlite_sequence'
[0m
  [4;35;1mSQL (10.4ms)[0m   [0mCREATE TABLE "schema_migrations" ("version" varchar(255) NOT NULL) [0m
  [4;36;1mSQL (5.2ms)[0m   [0;1mCREATE UNIQUE INDEX "unique_schema_migrations" ON "schema_migrations" ("version")[0m
  [4;35;1mSQL (0.3ms)[0m   [0m SELECT name
 FROM sqlite_master
 WHERE type = 'table' AND NOT name = 'sqlite_sequence'
[0m
  [4;36;1mSQL (0.1ms)[0m   [0;1mSELECT version FROM "schema_migrations"[0m
  [4;35;1mSQL (5.5ms)[0m   [0mINSERT INTO "schema_migrations" (version) VALUES ('0')[0m
  [4;36;1mSQL (0.4ms)[0m   [0;1m SELECT name
 FROM sqlite_master
 WHERE type = 'table' AND NOT name = 'sqlite_sequence'
[0m
  [4;35;1mSQL (0.2ms)[0m   [0mDELETE FROM fruits WHERE 1=1[0m
  [4;36;1mSQL (0.2ms)[0m   [0;1mDELETE FROM schema_migrations WHERE 1=1[0m
  [4;35;1mFruit Create (0.3ms)[0m   [0mINSERT INTO "fruits" ("average_diameter", "species") VALUES(NULL, 'apple')[0m
  [4;36;1mSQL (0.5ms)[0m   [0;1mselect sqlite_version(*)[0m
  [4;35;1mSQL (46.3ms)[0m   [0mCREATE TABLE "fruits" ("id" INTEGER PRIMARY KEY AUTOINCREMENT NOT NULL, "species" varchar(255), "average_diameter" integer) [0m
  [4;36;1mSQL (0.5ms)[0m   [0;1m SELECT name
 FROM sqlite_master
 WHERE type = 'table' AND NOT name = 'sqlite_sequence'
[0m
  [4;35;1mSQL (7.6ms)[0m   [0mCREATE TABLE "schema_migrations" ("version" varchar(255) NOT NULL) [0m
  [4;36;1mSQL (8.4ms)[0m   [0;1mCREATE UNIQUE INDEX "unique_schema_migrations" ON "schema_migrations" ("version")[0m
  [4;35;1mSQL (1.6ms)[0m   [0m SELECT name
 FROM sqlite_master
 WHERE type = 'table' AND NOT name = 'sqlite_sequence'
[0m
  [4;36;1mSQL (0.3ms)[0m   [0;1mSELECT version FROM "schema_migrations"[0m
  [4;35;1mSQL (7.3ms)[0m   [0mINSERT INTO "schema_migrations" (version) VALUES ('0')[0m
  [4;36;1mSQL (0.6ms)[0m   [0;1m SELECT name
 FROM sqlite_master
 WHERE type = 'table' AND NOT name = 'sqlite_sequence'
[0m
  [4;35;1mSQL (0.4ms)[0m   [0mDELETE FROM fruits WHERE 1=1[0m
  [4;36;1mSQL (0.4ms)[0m   [0;1mDELETE FROM schema_migrations WHERE 1=1[0m
  [4;35;1mFruit Create (0.9ms)[0m   [0mINSERT INTO "fruits" ("average_diameter", "species") VALUES(NULL, 'apple')[0m
  [4;36;1mSQL (1.2ms)[0m   [0;1m SELECT name
 FROM sqlite_master
 WHERE type = 'table' AND NOT name = 'sqlite_sequence'
[0m
  [4;35;1mSQL (0.4ms)[0m   [0mDELETE FROM fruits WHERE 1=1[0m
  [4;36;1mSQL (0.3ms)[0m   [0;1mDELETE FROM schema_migrations WHERE 1=1[0m
  [4;35;1mFruit Create (0.3ms)[0m   [0mINSERT INTO "fruits" ("average_diameter", "species") VALUES(NULL, 'apple')[0m
  [4;36;1mSQL (0.6ms)[0m   [0;1m SELECT name
 FROM sqlite_master
 WHERE type = 'table' AND NOT name = 'sqlite_sequence'
[0m
  [4;35;1mSQL (0.4ms)[0m   [0mDELETE FROM fruits WHERE 1=1[0m
  [4;36;1mSQL (0.3ms)[0m   [0;1mDELETE FROM schema_migrations WHERE 1=1[0m
  [4;35;1mFruit Create (0.4ms)[0m   [0mINSERT INTO "fruits" ("average_diameter", "species") VALUES(NULL, 'apple')[0m
  [4;36;1mSQL (0.6ms)[0m   [0;1m SELECT name
 FROM sqlite_master
 WHERE type = 'table' AND NOT name = 'sqlite_sequence'
[0m
  [4;35;1mSQL (0.4ms)[0m   [0mDELETE FROM fruits WHERE 1=1[0m
  [4;36;1mSQL (0.4ms)[0m   [0;1mDELETE FROM schema_migrations WHERE 1=1[0m
  [4;35;1mFruit Create (0.4ms)[0m   [0mINSERT INTO "fruits" ("average_diameter", "species") VALUES(NULL, 'apple')[0m
  [4;36;1mSQL (0.6ms)[0m   [0;1m SELECT name
 FROM sqlite_master
 WHERE type = 'table' AND NOT name = 'sqlite_sequence'
[0m
  [4;35;1mSQL (0.4ms)[0m   [0mDELETE FROM fruits WHERE 1=1[0m
  [4;36;1mSQL (0.4ms)[0m   [0;1mDELETE FROM schema_migrations WHERE 1=1[0m
  [4;35;1mFruit Create (0.6ms)[0m   [0mINSERT INTO "fruits" ("average_diameter", "species") VALUES(NULL, 'apple')[0m
  [4;36;1mFruit Create (0.3ms)[0m   [0;1mINSERT INTO "fruits" ("average_diameter", "species") VALUES(NULL, 'banana')[0m
  [4;35;1mSQL (0.5ms)[0m   [0m SELECT name
 FROM sqlite_master
 WHERE type = 'table' AND NOT name = 'sqlite_sequence'
[0m
  [4;36;1mSQL (0.4ms)[0m   [0;1mDELETE FROM fruits WHERE 1=1[0m
  [4;35;1mSQL (0.3ms)[0m   [0mDELETE FROM schema_migrations WHERE 1=1[0m
  [4;36;1mFruit Create (0.3ms)[0m   [0;1mINSERT INTO "fruits" ("average_diameter", "species") VALUES(NULL, 'apple')[0m
  [4;35;1mFruit Create (0.2ms)[0m   [0mINSERT INTO "fruits" ("average_diameter", "species") VALUES(NULL, 'banana')[0m
  [4;36;1mSQL (0.4ms)[0m   [0;1m SELECT name
 FROM sqlite_master
 WHERE type = 'table' AND NOT name = 'sqlite_sequence'
[0m
  [4;35;1mSQL (0.3ms)[0m   [0mDELETE FROM fruits WHERE 1=1[0m
  [4;36;1mSQL (0.2ms)[0m   [0;1mDELETE FROM schema_migrations WHERE 1=1[0m
  [4;35;1mFruit Create (0.3ms)[0m   [0mINSERT INTO "fruits" ("average_diameter", "species") VALUES(NULL, 'apple')[0m
  [4;36;1mFruit Create (0.2ms)[0m   [0;1mINSERT INTO "fruits" ("average_diameter", "species") VALUES(NULL, 'orange')[0m
  [4;35;1mSQL (0.4ms)[0m   [0m SELECT name
 FROM sqlite_master
 WHERE type = 'table' AND NOT name = 'sqlite_sequence'
[0m
  [4;36;1mSQL (0.2ms)[0m   [0;1mDELETE FROM fruits WHERE 1=1[0m
  [4;35;1mSQL (0.2ms)[0m   [0mDELETE FROM schema_migrations WHERE 1=1[0m
  [4;36;1mFruit Create (0.3ms)[0m   [0;1mINSERT INTO "fruits" ("average_diameter", "species") VALUES(NULL, 'apple')[0m
  [4;35;1mFruit Create (0.2ms)[0m   [0mINSERT INTO "fruits" ("average_diameter", "species") VALUES(NULL, 'orange')[0m
  [4;36;1mSQL (0.5ms)[0m   [0;1m SELECT name
 FROM sqlite_master
 WHERE type = 'table' AND NOT name = 'sqlite_sequence'
[0m
  [4;35;1mSQL (0.3ms)[0m   [0mDELETE FROM fruits WHERE 1=1[0m
  [4;36;1mSQL (0.2ms)[0m   [0;1mDELETE FROM schema_migrations WHERE 1=1[0m
  [4;35;1mFruit Create (0.2ms)[0m   [0mINSERT INTO "fruits" ("average_diameter", "species") VALUES(NULL, 'apple')[0m
  [4;36;1mFruit Create (0.2ms)[0m   [0;1mINSERT INTO "fruits" ("average_diameter", "species") VALUES(NULL, 'orange')[0m
  [4;35;1mSQL (0.5ms)[0m   [0m SELECT name
 FROM sqlite_master
 WHERE type = 'table' AND NOT name = 'sqlite_sequence'
[0m
  [4;36;1mSQL (0.3ms)[0m   [0;1mDELETE FROM fruits WHERE 1=1[0m
  [4;35;1mSQL (0.2ms)[0m   [0mDELETE FROM schema_migrations WHERE 1=1[0m
  [4;36;1mFruit Create (0.3ms)[0m   [0;1mINSERT INTO "fruits" ("average_diameter", "species") VALUES(NULL, 'apple')[0m
  [4;35;1mFruit Create (0.2ms)[0m   [0mINSERT INTO "fruits" ("average_diameter", "species") VALUES(NULL, 'orange')[0m
  [4;36;1mSQL (0.5ms)[0m   [0;1mselect sqlite_version(*)[0m
  [4;35;1mSQL (7.6ms)[0m   [0mCREATE TABLE "fruits" ("id" INTEGER PRIMARY KEY AUTOINCREMENT NOT NULL, "species" varchar(255), "average_diameter" integer) [0m
  [4;36;1mSQL (0.4ms)[0m   [0;1m SELECT name
 FROM sqlite_master
 WHERE type = 'table' AND NOT name = 'sqlite_sequence'
[0m
  [4;35;1mSQL (17.7ms)[0m   [0mCREATE TABLE "schema_migrations" ("version" varchar(255) NOT NULL) [0m
  [4;36;1mSQL (11.1ms)[0m   [0;1mCREATE UNIQUE INDEX "unique_schema_migrations" ON "schema_migrations" ("version")[0m
  [4;35;1mSQL (0.6ms)[0m   [0m SELECT name
 FROM sqlite_master
 WHERE type = 'table' AND NOT name = 'sqlite_sequence'
[0m
  [4;36;1mSQL (0.2ms)[0m   [0;1mSELECT version FROM "schema_migrations"[0m
  [4;35;1mSQL (4.2ms)[0m   [0mINSERT INTO "schema_migrations" (version) VALUES ('0')[0m
  [4;36;1mSQL (0.6ms)[0m   [0;1m SELECT name
 FROM sqlite_master
 WHERE type = 'table' AND NOT name = 'sqlite_sequence'
[0m
  [4;35;1mSQL (0.3ms)[0m   [0mDELETE FROM fruits WHERE 1=1[0m
  [4;36;1mSQL (0.3ms)[0m   [0;1mDELETE FROM schema_migrations WHERE 1=1[0m
  [4;35;1mFruit Create (0.4ms)[0m   [0mINSERT INTO "fruits" ("average_diameter", "species") VALUES(NULL, 'apple')[0m
  [4;36;1mSQL (0.4ms)[0m   [0;1mselect sqlite_version(*)[0m
  [4;35;1mSQL (9.1ms)[0m   [0mCREATE TABLE "fruits" ("id" INTEGER PRIMARY KEY AUTOINCREMENT NOT NULL, "species" varchar(255), "average_diameter" integer) [0m
  [4;36;1mSQL (0.3ms)[0m   [0;1m SELECT name
 FROM sqlite_master
 WHERE type = 'table' AND NOT name = 'sqlite_sequence'
[0m
  [4;35;1mSQL (10.3ms)[0m   [0mCREATE TABLE "schema_migrations" ("version" varchar(255) NOT NULL) [0m
  [4;36;1mSQL (12.7ms)[0m   [0;1mCREATE UNIQUE INDEX "unique_schema_migrations" ON "schema_migrations" ("version")[0m
  [4;35;1mSQL (0.4ms)[0m   [0m SELECT name
 FROM sqlite_master
 WHERE type = 'table' AND NOT name = 'sqlite_sequence'
[0m
  [4;36;1mSQL (0.1ms)[0m   [0;1mSELECT version FROM "schema_migrations"[0m
  [4;35;1mSQL (6.5ms)[0m   [0mINSERT INTO "schema_migrations" (version) VALUES ('0')[0m
  [4;36;1mSQL (0.4ms)[0m   [0;1m SELECT name
 FROM sqlite_master
 WHERE type = 'table' AND NOT name = 'sqlite_sequence'
[0m
  [4;35;1mSQL (0.2ms)[0m   [0mDELETE FROM fruits WHERE 1=1[0m
  [4;36;1mSQL (0.2ms)[0m   [0;1mDELETE FROM schema_migrations WHERE 1=1[0m
  [4;35;1mFruit Create (0.3ms)[0m   [0mINSERT INTO "fruits" ("average_diameter", "species") VALUES(NULL, 'apple')[0m
  [4;36;1mSQL (0.4ms)[0m   [0;1mselect sqlite_version(*)[0m
  [4;35;1mSQL (5.3ms)[0m   [0mCREATE TABLE "fruits" ("id" INTEGER PRIMARY KEY AUTOINCREMENT NOT NULL, "species" varchar(255), "average_diameter" integer) [0m
  [4;36;1mSQL (0.3ms)[0m   [0;1m SELECT name
 FROM sqlite_master
 WHERE type = 'table' AND NOT name = 'sqlite_sequence'
[0m
  [4;35;1mSQL (3.9ms)[0m   [0mCREATE TABLE "schema_migrations" ("version" varchar(255) NOT NULL) [0m
  [4;36;1mSQL (15.8ms)[0m   [0;1mCREATE UNIQUE INDEX "unique_schema_migrations" ON "schema_migrations" ("version")[0m
  [4;35;1mSQL (0.4ms)[0m   [0m SELECT name
 FROM sqlite_master
 WHERE type = 'table' AND NOT name = 'sqlite_sequence'
[0m
  [4;36;1mSQL (0.2ms)[0m   [0;1mSELECT version FROM "schema_migrations"[0m
  [4;35;1mSQL (6.5ms)[0m   [0mINSERT INTO "schema_migrations" (version) VALUES ('0')[0m
  [4;36;1mSQL (0.4ms)[0m   [0;1m SELECT name
 FROM sqlite_master
 WHERE type = 'table' AND NOT name = 'sqlite_sequence'
[0m
  [4;35;1mSQL (0.2ms)[0m   [0mDELETE FROM fruits WHERE 1=1[0m
  [4;36;1mSQL (0.2ms)[0m   [0;1mDELETE FROM schema_migrations WHERE 1=1[0m
  [4;35;1mFruit Create (0.4ms)[0m   [0mINSERT INTO "fruits" ("average_diameter", "species") VALUES(NULL, 'apple')[0m
  [4;36;1mSQL (0.4ms)[0m   [0;1mselect sqlite_version(*)[0m
  [4;35;1mSQL (8.1ms)[0m   [0mCREATE TABLE "fruits" ("id" INTEGER PRIMARY KEY AUTOINCREMENT NOT NULL, "species" varchar(255), "average_diameter" integer) [0m
  [4;36;1mSQL (0.3ms)[0m   [0;1m SELECT name
 FROM sqlite_master
 WHERE type = 'table' AND NOT name = 'sqlite_sequence'
[0m
  [4;35;1mSQL (2.8ms)[0m   [0mCREATE TABLE "schema_migrations" ("version" varchar(255) NOT NULL) [0m
  [4;36;1mSQL (8.3ms)[0m   [0;1mCREATE UNIQUE INDEX "unique_schema_migrations" ON "schema_migrations" ("version")[0m
  [4;35;1mSQL (0.4ms)[0m   [0m SELECT name
 FROM sqlite_master
 WHERE type = 'table' AND NOT name = 'sqlite_sequence'
[0m
  [4;36;1mSQL (0.1ms)[0m   [0;1mSELECT version FROM "schema_migrations"[0m
  [4;35;1mSQL (5.8ms)[0m   [0mINSERT INTO "schema_migrations" (version) VALUES ('0')[0m
  [4;36;1mSQL (0.4ms)[0m   [0;1m SELECT name
 FROM sqlite_master
 WHERE type = 'table' AND NOT name = 'sqlite_sequence'
[0m
  [4;35;1mSQL (0.2ms)[0m   [0mDELETE FROM fruits WHERE 1=1[0m
  [4;36;1mSQL (0.2ms)[0m   [0;1mDELETE FROM schema_migrations WHERE 1=1[0m
  [4;35;1mFruit Create (0.3ms)[0m   [0mINSERT INTO "fruits" ("average_diameter", "species") VALUES(NULL, 'apple')[0m
  [4;36;1mSQL (0.4ms)[0m   [0;1mselect sqlite_version(*)[0m
  [4;35;1mSQL (5.7ms)[0m   [0mCREATE TABLE "fruits" ("id" INTEGER PRIMARY KEY AUTOINCREMENT NOT NULL, "species" varchar(255), "average_diameter" integer) [0m
  [4;36;1mSQL (0.3ms)[0m   [0;1m SELECT name
 FROM sqlite_master
 WHERE type = 'table' AND NOT name = 'sqlite_sequence'
[0m
  [4;35;1mSQL (19.2ms)[0m   [0mCREATE TABLE "schema_migrations" ("version" varchar(255) NOT NULL) [0m
  [4;36;1mSQL (16.5ms)[0m   [0;1mCREATE UNIQUE INDEX "unique_schema_migrations" ON "schema_migrations" ("version")[0m
  [4;35;1mSQL (0.8ms)[0m   [0m SELECT name
 FROM sqlite_master
 WHERE type = 'table' AND NOT name = 'sqlite_sequence'
[0m
  [4;36;1mSQL (0.2ms)[0m   [0;1mSELECT version FROM "schema_migrations"[0m
  [4;35;1mSQL (5.4ms)[0m   [0mINSERT INTO "schema_migrations" (version) VALUES ('0')[0m
  [4;36;1mSQL (0.4ms)[0m   [0;1m SELECT name
 FROM sqlite_master
 WHERE type = 'table' AND NOT name = 'sqlite_sequence'
[0m
  [4;35;1mSQL (0.3ms)[0m   [0mDELETE FROM fruits WHERE 1=1[0m
  [4;36;1mSQL (0.3ms)[0m   [0;1mDELETE FROM schema_migrations WHERE 1=1[0m
  [4;35;1mFruit Create (0.3ms)[0m   [0mINSERT INTO "fruits" ("average_diameter", "species") VALUES(NULL, 'apple')[0m
  [4;36;1mSQL (0.5ms)[0m   [0;1mselect sqlite_version(*)[0m
  [4;35;1mSQL (5.8ms)[0m   [0mCREATE TABLE "fruits" ("id" INTEGER PRIMARY KEY AUTOINCREMENT NOT NULL, "species" varchar(255), "average_diameter" integer) [0m
  [4;36;1mSQL (0.5ms)[0m   [0;1m SELECT name
 FROM sqlite_master
 WHERE type = 'table' AND NOT name = 'sqlite_sequence'
[0m
  [4;35;1mSQL (9.3ms)[0m   [0mCREATE TABLE "schema_migrations" ("version" varchar(255) NOT NULL) [0m
  [4;36;1mSQL (26.6ms)[0m   [0;1mCREATE UNIQUE INDEX "unique_schema_migrations" ON "schema_migrations" ("version")[0m
  [4;35;1mSQL (0.6ms)[0m   [0m SELECT name
 FROM sqlite_master
 WHERE type = 'table' AND NOT name = 'sqlite_sequence'
[0m
  [4;36;1mSQL (0.3ms)[0m   [0;1mSELECT version FROM "schema_migrations"[0m
  [4;35;1mSQL (17.8ms)[0m   [0mINSERT INTO "schema_migrations" (version) VALUES ('0')[0m
  [4;36;1mSQL (0.6ms)[0m   [0;1m SELECT name
 FROM sqlite_master
 WHERE type = 'table' AND NOT name = 'sqlite_sequence'
[0m
  [4;35;1mSQL (0.3ms)[0m   [0mDELETE FROM fruits WHERE 1=1[0m
  [4;36;1mSQL (0.4ms)[0m   [0;1mDELETE FROM schema_migrations WHERE 1=1[0m
  [4;35;1mFruit Create (0.4ms)[0m   [0mINSERT INTO "fruits" ("average_diameter", "species") VALUES(NULL, 'apple')[0m
  [4;36;1mSQL (0.5ms)[0m   [0;1mselect sqlite_version(*)[0m
  [4;35;1mSQL (8.7ms)[0m   [0mCREATE TABLE "fruits" ("id" INTEGER PRIMARY KEY AUTOINCREMENT NOT NULL, "species" varchar(255), "average_diameter" integer) [0m
  [4;36;1mSQL (0.3ms)[0m   [0;1m SELECT name
 FROM sqlite_master
 WHERE type = 'table' AND NOT name = 'sqlite_sequence'
[0m
  [4;35;1mSQL (16.9ms)[0m   [0mCREATE TABLE "schema_migrations" ("version" varchar(255) NOT NULL) [0m
  [4;36;1mSQL (21.3ms)[0m   [0;1mCREATE UNIQUE INDEX "unique_schema_migrations" ON "schema_migrations" ("version")[0m
  [4;35;1mSQL (0.4ms)[0m   [0m SELECT name
 FROM sqlite_master
 WHERE type = 'table' AND NOT name = 'sqlite_sequence'
[0m
  [4;36;1mSQL (0.2ms)[0m   [0;1mSELECT version FROM "schema_migrations"[0m
  [4;35;1mSQL (3.6ms)[0m   [0mINSERT INTO "schema_migrations" (version) VALUES ('0')[0m
  [4;36;1mSQL (0.5ms)[0m   [0;1mselect sqlite_version(*)[0m
  [4;35;1mSQL (8.2ms)[0m   [0mCREATE TABLE "fruits" ("id" INTEGER PRIMARY KEY AUTOINCREMENT NOT NULL, "species" varchar(255), "average_diameter" integer) [0m
  [4;36;1mSQL (0.4ms)[0m   [0;1m SELECT name
 FROM sqlite_master
 WHERE type = 'table' AND NOT name = 'sqlite_sequence'
[0m
  [4;35;1mSQL (19.7ms)[0m   [0mCREATE TABLE "schema_migrations" ("version" varchar(255) NOT NULL) [0m
  [4;36;1mSQL (11.4ms)[0m   [0;1mCREATE UNIQUE INDEX "unique_schema_migrations" ON "schema_migrations" ("version")[0m
  [4;35;1mSQL (0.6ms)[0m   [0m SELECT name
 FROM sqlite_master
 WHERE type = 'table' AND NOT name = 'sqlite_sequence'
[0m
  [4;36;1mSQL (0.3ms)[0m   [0;1mSELECT version FROM "schema_migrations"[0m
  [4;35;1mSQL (6.8ms)[0m   [0mINSERT INTO "schema_migrations" (version) VALUES ('0')[0m
  [4;36;1mSQL (0.4ms)[0m   [0;1mselect sqlite_version(*)[0m
  [4;35;1mSQL (13.3ms)[0m   [0mCREATE TABLE "fruits" ("id" INTEGER PRIMARY KEY AUTOINCREMENT NOT NULL, "species" varchar(255), "average_diameter" integer) [0m
  [4;36;1mSQL (0.4ms)[0m   [0;1m SELECT name
 FROM sqlite_master
 WHERE type = 'table' AND NOT name = 'sqlite_sequence'
[0m
  [4;35;1mSQL (13.1ms)[0m   [0mCREATE TABLE "schema_migrations" ("version" varchar(255) NOT NULL) [0m
  [4;36;1mSQL (41.9ms)[0m   [0;1mCREATE UNIQUE INDEX "unique_schema_migrations" ON "schema_migrations" ("version")[0m
  [4;35;1mSQL (0.4ms)[0m   [0m SELECT name
 FROM sqlite_master
 WHERE type = 'table' AND NOT name = 'sqlite_sequence'
[0m
  [4;36;1mSQL (0.1ms)[0m   [0;1mSELECT version FROM "schema_migrations"[0m
  [4;35;1mSQL (5.0ms)[0m   [0mINSERT INTO "schema_migrations" (version) VALUES ('0')[0m
*************before filter***************
  [4;36;1mSQL (0.6ms)[0m   [0;1m SELECT name
 FROM sqlite_master
 WHERE type = 'table' AND NOT name = 'sqlite_sequence'
[0m
  [4;35;1mSQL (0.3ms)[0m   [0mDELETE FROM fruits WHERE 1=1[0m
  [4;36;1mSQL (0.2ms)[0m   [0;1mDELETE FROM schema_migrations WHERE 1=1[0m
  [4;35;1mFruit Create (0.3ms)[0m   [0mINSERT INTO "fruits" ("average_diameter", "species") VALUES(NULL, 'apple')[0m
  [4;36;1mSQL (0.4ms)[0m   [0;1mselect sqlite_version(*)[0m
  [4;35;1mSQL (3.9ms)[0m   [0mCREATE TABLE "fruits" ("id" INTEGER PRIMARY KEY AUTOINCREMENT NOT NULL, "species" varchar(255), "average_diameter" integer) [0m
  [4;36;1mSQL (0.3ms)[0m   [0;1m SELECT name
 FROM sqlite_master
 WHERE type = 'table' AND NOT name = 'sqlite_sequence'
[0m
  [4;35;1mSQL (5.0ms)[0m   [0mCREATE TABLE "schema_migrations" ("version" varchar(255) NOT NULL) [0m
  [4;36;1mSQL (7.8ms)[0m   [0;1mCREATE UNIQUE INDEX "unique_schema_migrations" ON "schema_migrations" ("version")[0m
  [4;35;1mSQL (0.4ms)[0m   [0m SELECT name
 FROM sqlite_master
 WHERE type = 'table' AND NOT name = 'sqlite_sequence'
[0m
  [4;36;1mSQL (0.1ms)[0m   [0;1mSELECT version FROM "schema_migrations"[0m
  [4;35;1mSQL (23.5ms)[0m   [0mINSERT INTO "schema_migrations" (version) VALUES ('0')[0m
*************before filter***************
  [4;36;1mSQL (0.4ms)[0m   [0;1m SELECT name
 FROM sqlite_master
 WHERE type = 'table' AND NOT name = 'sqlite_sequence'
[0m
  [4;35;1mSQL (0.2ms)[0m   [0mDELETE FROM fruits WHERE 1=1[0m
  [4;36;1mSQL (0.2ms)[0m   [0;1mDELETE FROM schema_migrations WHERE 1=1[0m
  [4;35;1mFruit Create (0.3ms)[0m   [0mINSERT INTO "fruits" ("average_diameter", "species") VALUES(NULL, 'apple')[0m
  [4;36;1mSQL (0.4ms)[0m   [0;1mselect sqlite_version(*)[0m
  [4;35;1mSQL (11.7ms)[0m   [0mCREATE TABLE "fruits" ("id" INTEGER PRIMARY KEY AUTOINCREMENT NOT NULL, "species" varchar(255), "average_diameter" integer) [0m
  [4;36;1mSQL (0.3ms)[0m   [0;1m SELECT name
 FROM sqlite_master
 WHERE type = 'table' AND NOT name = 'sqlite_sequence'
[0m
  [4;35;1mSQL (9.5ms)[0m   [0mCREATE TABLE "schema_migrations" ("version" varchar(255) NOT NULL) [0m
  [4;36;1mSQL (14.3ms)[0m   [0;1mCREATE UNIQUE INDEX "unique_schema_migrations" ON "schema_migrations" ("version")[0m
  [4;35;1mSQL (0.4ms)[0m   [0m SELECT name
 FROM sqlite_master
 WHERE type = 'table' AND NOT name = 'sqlite_sequence'
[0m
  [4;36;1mSQL (0.1ms)[0m   [0;1mSELECT version FROM "schema_migrations"[0m
  [4;35;1mSQL (14.6ms)[0m   [0mINSERT INTO "schema_migrations" (version) VALUES ('0')[0m
*************before filter***************
  [4;36;1mSQL (0.6ms)[0m   [0;1m SELECT name
 FROM sqlite_master
 WHERE type = 'table' AND NOT name = 'sqlite_sequence'
[0m
  [4;35;1mSQL (0.3ms)[0m   [0mDELETE FROM fruits WHERE 1=1[0m
  [4;36;1mSQL (0.3ms)[0m   [0;1mDELETE FROM schema_migrations WHERE 1=1[0m
  [4;35;1mFruit Create (0.3ms)[0m   [0mINSERT INTO "fruits" ("average_diameter", "species") VALUES(NULL, 'apple')[0m
*************after filter***************
  [4;36;1mSQL (0.6ms)[0m   [0;1mselect sqlite_version(*)[0m
  [4;35;1mSQL (6.7ms)[0m   [0mCREATE TABLE "fruits" ("id" INTEGER PRIMARY KEY AUTOINCREMENT NOT NULL, "species" varchar(255), "average_diameter" integer) [0m
  [4;36;1mSQL (0.5ms)[0m   [0;1m SELECT name
 FROM sqlite_master
 WHERE type = 'table' AND NOT name = 'sqlite_sequence'
[0m
  [4;35;1mSQL (7.3ms)[0m   [0mCREATE TABLE "schema_migrations" ("version" varchar(255) NOT NULL) [0m
  [4;36;1mSQL (22.6ms)[0m   [0;1mCREATE UNIQUE INDEX "unique_schema_migrations" ON "schema_migrations" ("version")[0m
  [4;35;1mSQL (0.5ms)[0m   [0m SELECT name
 FROM sqlite_master
 WHERE type = 'table' AND NOT name = 'sqlite_sequence'
[0m
  [4;36;1mSQL (0.2ms)[0m   [0;1mSELECT version FROM "schema_migrations"[0m
  [4;35;1mSQL (7.9ms)[0m   [0mINSERT INTO "schema_migrations" (version) VALUES ('0')[0m
*************before filter***************
  [4;36;1mSQL (0.7ms)[0m   [0;1m SELECT name
 FROM sqlite_master
 WHERE type = 'table' AND NOT name = 'sqlite_sequence'
[0m
  [4;35;1mSQL (0.5ms)[0m   [0mDELETE FROM fruits WHERE 1=1[0m
  [4;36;1mSQL (0.3ms)[0m   [0;1mDELETE FROM schema_migrations WHERE 1=1[0m
  [4;35;1mFruit Create (0.4ms)[0m   [0mINSERT INTO "fruits" ("average_diameter", "species") VALUES(NULL, 'apple')[0m
*************after filter***************
*************before filter***************
  [4;36;1mSQL (0.6ms)[0m   [0;1m SELECT name
 FROM sqlite_master
 WHERE type = 'table' AND NOT name = 'sqlite_sequence'
[0m
  [4;35;1mSQL (0.3ms)[0m   [0mDELETE FROM fruits WHERE 1=1[0m
  [4;36;1mSQL (0.2ms)[0m   [0;1mDELETE FROM schema_migrations WHERE 1=1[0m
  [4;35;1mFruit Create (0.3ms)[0m   [0mINSERT INTO "fruits" ("average_diameter", "species") VALUES(NULL, 'apple')[0m
*************after filter***************
*************before filter***************
  [4;36;1mSQL (0.5ms)[0m   [0;1m SELECT name
 FROM sqlite_master
 WHERE type = 'table' AND NOT name = 'sqlite_sequence'
[0m
  [4;35;1mSQL (0.3ms)[0m   [0mDELETE FROM fruits WHERE 1=1[0m
  [4;36;1mSQL (0.2ms)[0m   [0;1mDELETE FROM schema_migrations WHERE 1=1[0m
  [4;35;1mFruit Create (0.3ms)[0m   [0mINSERT INTO "fruits" ("average_diameter", "species") VALUES(NULL, 'apple')[0m
*************after filter***************
*************before filter***************
  [4;36;1mSQL (0.5ms)[0m   [0;1m SELECT name
 FROM sqlite_master
 WHERE type = 'table' AND NOT name = 'sqlite_sequence'
[0m
  [4;35;1mSQL (0.3ms)[0m   [0mDELETE FROM fruits WHERE 1=1[0m
  [4;36;1mSQL (0.2ms)[0m   [0;1mDELETE FROM schema_migrations WHERE 1=1[0m
  [4;35;1mFruit Create (0.4ms)[0m   [0mINSERT INTO "fruits" ("average_diameter", "species") VALUES(NULL, 'apple')[0m
*************after filter***************
*************before filter***************
  [4;36;1mSQL (0.5ms)[0m   [0;1m SELECT name
 FROM sqlite_master
 WHERE type = 'table' AND NOT name = 'sqlite_sequence'
[0m
  [4;35;1mSQL (0.3ms)[0m   [0mDELETE FROM fruits WHERE 1=1[0m
  [4;36;1mSQL (0.2ms)[0m   [0;1mDELETE FROM schema_migrations WHERE 1=1[0m
  [4;35;1mFruit Create (0.3ms)[0m   [0mINSERT INTO "fruits" ("average_diameter", "species") VALUES(NULL, 'apple')[0m
  [4;36;1mFruit Create (0.2ms)[0m   [0;1mINSERT INTO "fruits" ("average_diameter", "species") VALUES(NULL, 'banana')[0m
*************after filter***************
*************before filter***************
  [4;35;1mSQL (0.3ms)[0m   [0m SELECT name
 FROM sqlite_master
 WHERE type = 'table' AND NOT name = 'sqlite_sequence'
[0m
  [4;36;1mSQL (0.2ms)[0m   [0;1mDELETE FROM fruits WHERE 1=1[0m
  [4;35;1mSQL (0.2ms)[0m   [0mDELETE FROM schema_migrations WHERE 1=1[0m
  [4;36;1mFruit Create (0.2ms)[0m   [0;1mINSERT INTO "fruits" ("average_diameter", "species") VALUES(NULL, 'apple')[0m
  [4;35;1mFruit Create (0.1ms)[0m   [0mINSERT INTO "fruits" ("average_diameter", "species") VALUES(NULL, 'banana')[0m
*************after filter***************
*************before filter***************
  [4;36;1mSQL (0.4ms)[0m   [0;1m SELECT name
 FROM sqlite_master
 WHERE type = 'table' AND NOT name = 'sqlite_sequence'
[0m
  [4;35;1mSQL (0.2ms)[0m   [0mDELETE FROM fruits WHERE 1=1[0m
  [4;36;1mSQL (0.2ms)[0m   [0;1mDELETE FROM schema_migrations WHERE 1=1[0m
  [4;35;1mFruit Create (0.2ms)[0m   [0mINSERT INTO "fruits" ("average_diameter", "species") VALUES(NULL, 'apple')[0m
  [4;36;1mFruit Create (0.9ms)[0m   [0;1mINSERT INTO "fruits" ("average_diameter", "species") VALUES(NULL, 'orange')[0m
*************after filter***************
*************before filter***************
  [4;35;1mSQL (0.4ms)[0m   [0m SELECT name
 FROM sqlite_master
 WHERE type = 'table' AND NOT name = 'sqlite_sequence'
[0m
  [4;36;1mSQL (0.2ms)[0m   [0;1mDELETE FROM fruits WHERE 1=1[0m
  [4;35;1mSQL (0.2ms)[0m   [0mDELETE FROM schema_migrations WHERE 1=1[0m
  [4;36;1mFruit Create (0.2ms)[0m   [0;1mINSERT INTO "fruits" ("average_diameter", "species") VALUES(NULL, 'apple')[0m
  [4;35;1mFruit Create (0.2ms)[0m   [0mINSERT INTO "fruits" ("average_diameter", "species") VALUES(NULL, 'orange')[0m
*************after filter***************
*************before filter***************
  [4;36;1mSQL (0.4ms)[0m   [0;1m SELECT name
 FROM sqlite_master
 WHERE type = 'table' AND NOT name = 'sqlite_sequence'
[0m
  [4;35;1mSQL (0.2ms)[0m   [0mDELETE FROM fruits WHERE 1=1[0m
  [4;36;1mSQL (0.2ms)[0m   [0;1mDELETE FROM schema_migrations WHERE 1=1[0m
  [4;35;1mFruit Create (0.3ms)[0m   [0mINSERT INTO "fruits" ("average_diameter", "species") VALUES(NULL, 'apple')[0m
  [4;36;1mFruit Create (0.2ms)[0m   [0;1mINSERT INTO "fruits" ("average_diameter", "species") VALUES(NULL, 'orange')[0m
*************after filter***************
*************before filter***************
  [4;35;1mSQL (0.4ms)[0m   [0m SELECT name
 FROM sqlite_master
 WHERE type = 'table' AND NOT name = 'sqlite_sequence'
[0m
  [4;36;1mSQL (0.2ms)[0m   [0;1mDELETE FROM fruits WHERE 1=1[0m
  [4;35;1mSQL (0.2ms)[0m   [0mDELETE FROM schema_migrations WHERE 1=1[0m
  [4;36;1mFruit Create (0.2ms)[0m   [0;1mINSERT INTO "fruits" ("average_diameter", "species") VALUES(NULL, 'apple')[0m
  [4;35;1mFruit Create (0.2ms)[0m   [0mINSERT INTO "fruits" ("average_diameter", "species") VALUES(NULL, 'orange')[0m
*************after filter***************
  [4;36;1mSQL (0.5ms)[0m   [0;1mselect sqlite_version(*)[0m
  [4;35;1mSQL (5.1ms)[0m   [0mCREATE TABLE "fruits" ("id" INTEGER PRIMARY KEY AUTOINCREMENT NOT NULL, "species" varchar(255), "average_diameter" integer) [0m
  [4;36;1mSQL (0.5ms)[0m   [0;1m SELECT name
 FROM sqlite_master
 WHERE type = 'table' AND NOT name = 'sqlite_sequence'
[0m
  [4;35;1mSQL (4.8ms)[0m   [0mCREATE TABLE "schema_migrations" ("version" varchar(255) NOT NULL) [0m
  [4;36;1mSQL (18.6ms)[0m   [0;1mCREATE UNIQUE INDEX "unique_schema_migrations" ON "schema_migrations" ("version")[0m
  [4;35;1mSQL (0.5ms)[0m   [0m SELECT name
 FROM sqlite_master
 WHERE type = 'table' AND NOT name = 'sqlite_sequence'
[0m
  [4;36;1mSQL (0.2ms)[0m   [0;1mSELECT version FROM "schema_migrations"[0m
  [4;35;1mSQL (5.2ms)[0m   [0mINSERT INTO "schema_migrations" (version) VALUES ('0')[0m
  [4;36;1mSQL (0.5ms)[0m   [0;1mselect sqlite_version(*)[0m
  [4;35;1mSQL (8.3ms)[0m   [0mCREATE TABLE "fruits" ("id" INTEGER PRIMARY KEY AUTOINCREMENT NOT NULL, "species" varchar(255), "average_diameter" integer) [0m
  [4;36;1mSQL (0.5ms)[0m   [0;1m SELECT name
 FROM sqlite_master
 WHERE type = 'table' AND NOT name = 'sqlite_sequence'
[0m
  [4;35;1mSQL (6.0ms)[0m   [0mCREATE TABLE "schema_migrations" ("version" varchar(255) NOT NULL) [0m
  [4;36;1mSQL (24.2ms)[0m   [0;1mCREATE UNIQUE INDEX "unique_schema_migrations" ON "schema_migrations" ("version")[0m
  [4;35;1mSQL (0.6ms)[0m   [0m SELECT name
 FROM sqlite_master
 WHERE type = 'table' AND NOT name = 'sqlite_sequence'
[0m
  [4;36;1mSQL (0.2ms)[0m   [0;1mSELECT version FROM "schema_migrations"[0m
  [4;35;1mSQL (4.1ms)[0m   [0mINSERT INTO "schema_migrations" (version) VALUES ('0')[0m
  [4;36;1mSQL (0.6ms)[0m   [0;1m SELECT name
 FROM sqlite_master
 WHERE type = 'table' AND NOT name = 'sqlite_sequence'
[0m
  [4;35;1mSQL (0.6ms)[0m   [0mDELETE FROM fruits WHERE 1=1[0m
  [4;36;1mSQL (0.4ms)[0m   [0;1mDELETE FROM schema_migrations WHERE 1=1[0m
  [4;35;1mFruit Create (0.4ms)[0m   [0mINSERT INTO "fruits" ("average_diameter", "species") VALUES(NULL, 'apple')[0m
  [4;36;1mSQL (0.6ms)[0m   [0;1mselect sqlite_version(*)[0m
  [4;35;1mSQL (4.9ms)[0m   [0mCREATE TABLE "fruits" ("id" INTEGER PRIMARY KEY AUTOINCREMENT NOT NULL, "species" varchar(255), "average_diameter" integer) [0m
  [4;36;1mSQL (0.5ms)[0m   [0;1m SELECT name
 FROM sqlite_master
 WHERE type = 'table' AND NOT name = 'sqlite_sequence'
[0m
  [4;35;1mSQL (8.2ms)[0m   [0mCREATE TABLE "schema_migrations" ("version" varchar(255) NOT NULL) [0m
  [4;36;1mSQL (14.5ms)[0m   [0;1mCREATE UNIQUE INDEX "unique_schema_migrations" ON "schema_migrations" ("version")[0m
  [4;35;1mSQL (0.5ms)[0m   [0m SELECT name
 FROM sqlite_master
 WHERE type = 'table' AND NOT name = 'sqlite_sequence'
[0m
  [4;36;1mSQL (0.2ms)[0m   [0;1mSELECT version FROM "schema_migrations"[0m
  [4;35;1mSQL (18.8ms)[0m   [0mINSERT INTO "schema_migrations" (version) VALUES ('0')[0m
  [4;36;1mSQL (0.5ms)[0m   [0;1m SELECT name
 FROM sqlite_master
 WHERE type = 'table' AND NOT name = 'sqlite_sequence'
[0m
  [4;35;1mSQL (0.4ms)[0m   [0mDELETE FROM fruits WHERE 1=1[0m
  [4;36;1mSQL (0.3ms)[0m   [0;1mDELETE FROM schema_migrations WHERE 1=1[0m
  [4;35;1mFruit Create (0.3ms)[0m   [0mINSERT INTO "fruits" ("average_diameter", "species") VALUES(NULL, 'apple')[0m
